<?xml version="1.0" encoding="UTF-8"?>
<testsuite xmlns:xsi="http://www.w3.org/2001/XMLSchema-instance" xsi:noNamespaceSchemaLocation="https://maven.apache.org/surefire/maven-surefire-plugin/xsd/surefire-test-report.xsd" version="3.0.2" name="com.example.veterinaria.VeterinariaApplicationTests" time="16.342" tests="1" errors="0" skipped="0" failures="0">
  <properties>
[...]
</properties>
  <testcase name="contextLoads" classname="com.example.veterinaria.VeterinariaApplicationTests" time="0.765">
    <system-out><![CDATA[23:34:42.208 [main] INFO org.springframework.test.context.support.AnnotationConfigContextLoaderUtils -- Could not detect default configuration classes for test class [com.example.veterinaria.VeterinariaApplicationTests]: VeterinariaApplicationTests does not declare any static, non-private, non-final, nested classes annotated with @Configuration.
23:34:42.346 [main] INFO org.springframework.boot.test.context.SpringBootTestContextBootstrapper -- Found @SpringBootConfiguration com.example.veterinaria.VeterinariaApplication for test class com.example.veterinaria.VeterinariaApplicationTests
23:34:42.491 [main] INFO org.springframework.boot.devtools.restart.RestartApplicationListener -- Restart disabled due to context in which it is running

  .   ____          _            __ _ _
 /\\ / ___'_ __ _ _(_)_ __  __ _ \ \ \ \
( ( )\___ | '_ | '_| | '_ \/ _` | \ \ \ \
 \\/  ___)| |_)| | | | | || (_| |  ) ) ) )
  '  |____| .__|_| |_|_| |_\__, | / / / /
 =========|_|==============|___/=/_/_/_/

 :: Spring Boot ::                (v3.4.4)

2025-05-05T23:34:42.763-04:00  INFO 98217 --- [veterinaria] [           main] c.e.v.VeterinariaApplicationTests        : Starting VeterinariaApplicationTests using Java 23.0.2 with PID 98217 (started by robertinostroza in /Users/robertinostroza/Desktop/Full-stack-I/Semana-8)
2025-05-05T23:34:42.765-04:00  INFO 98217 --- [veterinaria] [           main] c.e.v.VeterinariaApplicationTests        : No active profile set, falling back to 1 default profile: "default"
2025-05-05T23:34:42.766-04:00 DEBUG 98217 --- [veterinaria] [           main] o.s.boot.SpringApplication               : Loading source class com.example.veterinaria.VeterinariaApplication
2025-05-05T23:34:42.795-04:00 DEBUG 98217 --- [veterinaria] [           main] o.s.w.c.s.GenericWebApplicationContext   : Refreshing org.springframework.web.context.support.GenericWebApplicationContext@5215cd9a
2025-05-05T23:34:42.817-04:00 DEBUG 98217 --- [veterinaria] [           main] o.s.b.f.s.DefaultListableBeanFactory     : Creating shared instance of singleton bean 'org.springframework.context.annotation.internalConfigurationAnnotationProcessor'
2025-05-05T23:34:42.831-04:00 DEBUG 98217 --- [veterinaria] [           main] o.s.b.f.s.DefaultListableBeanFactory     : Creating shared instance of singleton bean 'org.springframework.boot.autoconfigure.internalCachingMetadataReaderFactory'
2025-05-05T23:34:42.890-04:00 DEBUG 98217 --- [veterinaria] [           main] o.s.c.a.ClassPathBeanDefinitionScanner   : Identified candidate component class: file [/Users/robertinostroza/Desktop/Full-stack-I/Semana-8/target/classes/com/example/veterinaria/controller/ClienteController.class]
2025-05-05T23:34:42.892-04:00 DEBUG 98217 --- [veterinaria] [           main] o.s.c.a.ClassPathBeanDefinitionScanner   : Identified candidate component class: file [/Users/robertinostroza/Desktop/Full-stack-I/Semana-8/target/classes/com/example/veterinaria/controller/FacturaController.class]
2025-05-05T23:34:42.895-04:00 DEBUG 98217 --- [veterinaria] [           main] o.s.c.a.ClassPathBeanDefinitionScanner   : Identified candidate component class: file [/Users/robertinostroza/Desktop/Full-stack-I/Semana-8/target/classes/com/example/veterinaria/controller/FacturaCtr.class]
2025-05-05T23:34:42.898-04:00 DEBUG 98217 --- [veterinaria] [           main] o.s.c.a.ClassPathBeanDefinitionScanner   : Identified candidate component class: file [/Users/robertinostroza/Desktop/Full-stack-I/Semana-8/target/classes/com/example/veterinaria/controller/MascotaController.class]
2025-05-05T23:34:42.900-04:00 DEBUG 98217 --- [veterinaria] [           main] o.s.c.a.ClassPathBeanDefinitionScanner   : Identified candidate component class: file [/Users/robertinostroza/Desktop/Full-stack-I/Semana-8/target/classes/com/example/veterinaria/controller/ServicioVeterinarioController.class]
2025-05-05T23:34:42.932-04:00 DEBUG 98217 --- [veterinaria] [           main] o.s.c.a.ClassPathBeanDefinitionScanner   : Ignored because not a concrete top-level class: file [/Users/robertinostroza/Desktop/Full-stack-I/Semana-8/target/classes/com/example/veterinaria/repository/ClienteRepositorio.class]
2025-05-05T23:34:42.935-04:00 DEBUG 98217 --- [veterinaria] [           main] o.s.c.a.ClassPathBeanDefinitionScanner   : Ignored because not a concrete top-level class: file [/Users/robertinostroza/Desktop/Full-stack-I/Semana-8/target/classes/com/example/veterinaria/repository/MascotaRepositorio.class]
2025-05-05T23:34:42.937-04:00 DEBUG 98217 --- [veterinaria] [           main] o.s.c.a.ClassPathBeanDefinitionScanner   : Ignored because not a concrete top-level class: file [/Users/robertinostroza/Desktop/Full-stack-I/Semana-8/target/classes/com/example/veterinaria/repository/ServicioVeterinarioRepositorio.class]
2025-05-05T23:34:42.941-04:00 DEBUG 98217 --- [veterinaria] [           main] o.s.c.a.ClassPathBeanDefinitionScanner   : Identified candidate component class: file [/Users/robertinostroza/Desktop/Full-stack-I/Semana-8/target/classes/com/example/veterinaria/service/ClienteServicioImp.class]
2025-05-05T23:34:42.944-04:00 DEBUG 98217 --- [veterinaria] [           main] o.s.c.a.ClassPathBeanDefinitionScanner   : Identified candidate component class: file [/Users/robertinostroza/Desktop/Full-stack-I/Semana-8/target/classes/com/example/veterinaria/service/FacturaServicioImp.class]
2025-05-05T23:34:42.947-04:00 DEBUG 98217 --- [veterinaria] [           main] o.s.c.a.ClassPathBeanDefinitionScanner   : Identified candidate component class: file [/Users/robertinostroza/Desktop/Full-stack-I/Semana-8/target/classes/com/example/veterinaria/service/MascotaServicioImp.class]
2025-05-05T23:34:42.950-04:00 DEBUG 98217 --- [veterinaria] [           main] o.s.c.a.ClassPathBeanDefinitionScanner   : Identified candidate component class: file [/Users/robertinostroza/Desktop/Full-stack-I/Semana-8/target/classes/com/example/veterinaria/service/ServicioVeterinarioServicioImp.class]
2025-05-05T23:34:43.587-04:00  INFO 98217 --- [veterinaria] [           main] .s.d.r.c.RepositoryConfigurationDelegate : Bootstrapping Spring Data JPA repositories in DEFAULT mode.
2025-05-05T23:34:43.595-04:00 DEBUG 98217 --- [veterinaria] [           main] o.s.b.f.s.DefaultListableBeanFactory     : Creating shared instance of singleton bean 'org.springframework.boot.autoconfigure.AutoConfigurationPackages'
2025-05-05T23:34:43.602-04:00 DEBUG 98217 --- [veterinaria] [           main] o.s.b.a.AutoConfigurationPackages        : @EnableAutoConfiguration was declared on a class in the package 'com.example.veterinaria'. Automatic @Repository and @Entity scanning is enabled.
2025-05-05T23:34:43.603-04:00 DEBUG 98217 --- [veterinaria] [           main] .s.d.r.c.RepositoryConfigurationDelegate : Scanning for JPA repositories in packages com.example.veterinaria.
2025-05-05T23:34:43.619-04:00 DEBUG 98217 --- [veterinaria] [           main] o.s.d.r.c.RepositoryComponentProvider    : Identified candidate component class: file [/Users/robertinostroza/Desktop/Full-stack-I/Semana-8/target/classes/com/example/veterinaria/repository/ClienteRepositorio.class]
2025-05-05T23:34:43.619-04:00 DEBUG 98217 --- [veterinaria] [           main] o.s.d.r.c.RepositoryComponentProvider    : Identified candidate component class: file [/Users/robertinostroza/Desktop/Full-stack-I/Semana-8/target/classes/com/example/veterinaria/repository/FacturaRepositorio.class]
2025-05-05T23:34:43.620-04:00 DEBUG 98217 --- [veterinaria] [           main] o.s.d.r.c.RepositoryComponentProvider    : Identified candidate component class: file [/Users/robertinostroza/Desktop/Full-stack-I/Semana-8/target/classes/com/example/veterinaria/repository/MascotaRepositorio.class]
2025-05-05T23:34:43.620-04:00 DEBUG 98217 --- [veterinaria] [           main] o.s.d.r.c.RepositoryComponentProvider    : Identified candidate component class: file [/Users/robertinostroza/Desktop/Full-stack-I/Semana-8/target/classes/com/example/veterinaria/repository/ServicioVeterinarioRepositorio.class]
2025-05-05T23:34:43.684-04:00  INFO 98217 --- [veterinaria] [           main] .s.d.r.c.RepositoryConfigurationDelegate : Finished Spring Data repository scanning in 77 ms. Found 4 JPA repository interfaces.
2025-05-05T23:34:43.780-04:00 DEBUG 98217 --- [veterinaria] [           main] o.s.b.f.s.DefaultListableBeanFactory     : Creating shared instance of singleton bean 'propertySourcesPlaceholderConfigurer'
2025-05-05T23:34:43.785-04:00 DEBUG 98217 --- [veterinaria] [           main] o.s.b.f.s.DefaultListableBeanFactory     : Creating shared instance of singleton bean 'org.springframework.boot.test.mock.mockito.MockitoPostProcessor'
2025-05-05T23:34:43.786-04:00 DEBUG 98217 --- [veterinaria] [           main] o.s.b.f.s.DefaultListableBeanFactory     : Creating shared instance of singleton bean 'emBeanDefinitionRegistrarPostProcessor'
2025-05-05T23:34:43.787-04:00 DEBUG 98217 --- [veterinaria] [           main] o.s.b.f.s.DefaultListableBeanFactory     : Creating shared instance of singleton bean 'org.springframework.boot.sql.init.dependency.DatabaseInitializationDependencyConfigurer$DependsOnDatabaseInitializationPostProcessor'
2025-05-05T23:34:43.844-04:00 DEBUG 98217 --- [veterinaria] [           main] o.s.b.f.s.DefaultListableBeanFactory     : Creating shared instance of singleton bean 'org.springframework.context.event.internalEventListenerProcessor'
2025-05-05T23:34:43.845-04:00 DEBUG 98217 --- [veterinaria] [           main] o.s.b.f.s.DefaultListableBeanFactory     : Creating shared instance of singleton bean 'preserveErrorControllerTargetClassPostProcessor'
2025-05-05T23:34:43.846-04:00 DEBUG 98217 --- [veterinaria] [           main] o.s.b.f.s.DefaultListableBeanFactory     : Creating shared instance of singleton bean 'org.springframework.context.event.internalEventListenerFactory'
2025-05-05T23:34:43.847-04:00 DEBUG 98217 --- [veterinaria] [           main] o.s.b.f.s.DefaultListableBeanFactory     : Creating shared instance of singleton bean 'org.springframework.transaction.config.internalTransactionalEventListenerFactory'
2025-05-05T23:34:43.853-04:00 DEBUG 98217 --- [veterinaria] [           main] o.s.b.f.s.DefaultListableBeanFactory     : Creating shared instance of singleton bean 'org.springframework.boot.test.mock.mockito.MockitoPostProcessor$SpyPostProcessor'
2025-05-05T23:34:43.855-04:00 DEBUG 98217 --- [veterinaria] [           main] o.s.b.f.s.DefaultListableBeanFactory     : Creating shared instance of singleton bean 'org.springframework.context.annotation.internalAutowiredAnnotationProcessor'
2025-05-05T23:34:43.857-04:00 DEBUG 98217 --- [veterinaria] [           main] o.s.b.f.s.DefaultListableBeanFactory     : Creating shared instance of singleton bean 'org.springframework.context.annotation.internalCommonAnnotationProcessor'
2025-05-05T23:34:43.859-04:00 DEBUG 98217 --- [veterinaria] [           main] o.s.b.f.s.DefaultListableBeanFactory     : Creating shared instance of singleton bean 'org.springframework.context.annotation.internalPersistenceAnnotationProcessor'
2025-05-05T23:34:43.860-04:00 DEBUG 98217 --- [veterinaria] [           main] o.s.b.f.s.DefaultListableBeanFactory     : Creating shared instance of singleton bean 'org.springframework.boot.context.properties.ConfigurationPropertiesBindingPostProcessor'
2025-05-05T23:34:43.860-04:00 DEBUG 98217 --- [veterinaria] [           main] o.s.b.f.s.DefaultListableBeanFactory     : Creating shared instance of singleton bean 'org.springframework.boot.context.internalConfigurationPropertiesBinder'
2025-05-05T23:34:43.862-04:00 DEBUG 98217 --- [veterinaria] [           main] o.s.b.f.s.DefaultListableBeanFactory     : Creating shared instance of singleton bean 'jdbcConnectionDetailsHikariBeanPostProcessor'
2025-05-05T23:34:43.866-04:00 DEBUG 98217 --- [veterinaria] [           main] o.s.b.f.s.DefaultListableBeanFactory     : Creating shared instance of singleton bean 'org.springframework.aop.config.internalAutoProxyCreator'
2025-05-05T23:34:43.885-04:00 DEBUG 98217 --- [veterinaria] [           main] o.s.b.f.s.DefaultListableBeanFactory     : Creating shared instance of singleton bean 'persistenceExceptionTranslationPostProcessor'
2025-05-05T23:34:43.886-04:00 DEBUG 98217 --- [veterinaria] [           main] o.s.b.f.s.DefaultListableBeanFactory     : Autowiring by type from bean name 'persistenceExceptionTranslationPostProcessor' via factory method to bean named 'environment'
2025-05-05T23:34:43.889-04:00 DEBUG 98217 --- [veterinaria] [           main] o.s.b.f.s.DefaultListableBeanFactory     : Creating shared instance of singleton bean 'webServerFactoryCustomizerBeanPostProcessor'
2025-05-05T23:34:43.890-04:00 DEBUG 98217 --- [veterinaria] [           main] o.s.b.f.s.DefaultListableBeanFactory     : Creating shared instance of singleton bean 'errorPageRegistrarBeanPostProcessor'
2025-05-05T23:34:43.891-04:00 DEBUG 98217 --- [veterinaria] [           main] o.s.b.f.s.DefaultListableBeanFactory     : Creating shared instance of singleton bean 'projectingArgumentResolverBeanPostProcessor'
2025-05-05T23:34:43.892-04:00 DEBUG 98217 --- [veterinaria] [           main] o.s.b.f.s.DefaultListableBeanFactory     : Creating shared instance of singleton bean 'org.springframework.transaction.config.internalTransactionAdvisor'
2025-05-05T23:34:43.893-04:00 DEBUG 98217 --- [veterinaria] [           main] o.s.b.f.s.DefaultListableBeanFactory     : Creating shared instance of singleton bean 'org.springframework.transaction.annotation.ProxyTransactionManagementConfiguration'
2025-05-05T23:34:43.917-04:00 DEBUG 98217 --- [veterinaria] [           main] o.s.b.f.s.DefaultListableBeanFactory     : Creating shared instance of singleton bean 'transactionAttributeSource'
2025-05-05T23:34:43.918-04:00 DEBUG 98217 --- [veterinaria] [           main] o.s.b.f.s.DefaultListableBeanFactory     : Creating shared instance of singleton bean 'transactionInterceptor'
2025-05-05T23:34:43.919-04:00 DEBUG 98217 --- [veterinaria] [           main] o.s.b.f.s.DefaultListableBeanFactory     : Autowiring by type from bean name 'transactionInterceptor' via factory method to bean named 'transactionAttributeSource'
2025-05-05T23:34:43.924-04:00 DEBUG 98217 --- [veterinaria] [           main] o.s.b.f.s.DefaultListableBeanFactory     : Autowiring by type from bean name 'org.springframework.transaction.config.internalTransactionAdvisor' via factory method to bean named 'transactionAttributeSource'
2025-05-05T23:34:43.924-04:00 DEBUG 98217 --- [veterinaria] [           main] o.s.b.f.s.DefaultListableBeanFactory     : Autowiring by type from bean name 'org.springframework.transaction.config.internalTransactionAdvisor' via factory method to bean named 'transactionInterceptor'
2025-05-05T23:34:43.943-04:00 DEBUG 98217 --- [veterinaria] [           main] o.s.u.c.s.UiApplicationContextUtils      : Unable to locate ThemeSource with name 'themeSource': using default [org.springframework.ui.context.support.ResourceBundleThemeSource@2fd64b11]
2025-05-05T23:34:43.944-04:00 DEBUG 98217 --- [veterinaria] [           main] o.s.b.f.s.DefaultListableBeanFactory     : Creating shared instance of singleton bean 'org.springframework.test.context.support.internalDynamicPropertyRegistrarBeanInitializer'
2025-05-05T23:34:43.946-04:00 DEBUG 98217 --- [veterinaria] [           main] o.s.b.f.s.DefaultListableBeanFactory     : Creating shared instance of singleton bean 'dataSourceScriptDatabaseInitializer'
2025-05-05T23:34:43.947-04:00 DEBUG 98217 --- [veterinaria] [           main] o.s.b.f.s.DefaultListableBeanFactory     : Creating shared instance of singleton bean 'org.springframework.boot.autoconfigure.sql.init.DataSourceInitializationConfiguration'
2025-05-05T23:34:43.948-04:00 DEBUG 98217 --- [veterinaria] [           main] o.s.b.f.s.DefaultListableBeanFactory     : Creating shared instance of singleton bean 'dataSource'
2025-05-05T23:34:43.948-04:00 DEBUG 98217 --- [veterinaria] [           main] o.s.b.f.s.DefaultListableBeanFactory     : Creating shared instance of singleton bean 'org.springframework.boot.autoconfigure.jdbc.DataSourceConfiguration$Hikari'
2025-05-05T23:34:43.949-04:00 DEBUG 98217 --- [veterinaria] [           main] o.s.b.f.s.DefaultListableBeanFactory     : Creating shared instance of singleton bean 'spring.datasource-org.springframework.boot.autoconfigure.jdbc.DataSourceProperties'
2025-05-05T23:34:43.950-04:00 DEBUG 98217 --- [veterinaria] [           main] o.s.b.f.s.DefaultListableBeanFactory     : Creating shared instance of singleton bean 'org.springframework.boot.context.properties.BoundConfigurationProperties'
2025-05-05T23:34:43.963-04:00 DEBUG 98217 --- [veterinaria] [           main] o.s.b.f.s.DefaultListableBeanFactory     : Creating shared instance of singleton bean 'jdbcConnectionDetails'
2025-05-05T23:34:43.963-04:00 DEBUG 98217 --- [veterinaria] [           main] o.s.b.f.s.DefaultListableBeanFactory     : Creating shared instance of singleton bean 'org.springframework.boot.autoconfigure.jdbc.DataSourceAutoConfiguration$PooledDataSourceConfiguration'
2025-05-05T23:34:43.965-04:00 DEBUG 98217 --- [veterinaria] [           main] o.s.b.f.s.DefaultListableBeanFactory     : Autowiring by type from bean name 'jdbcConnectionDetails' via factory method to bean named 'spring.datasource-org.springframework.boot.autoconfigure.jdbc.DataSourceProperties'
2025-05-05T23:34:43.967-04:00 DEBUG 98217 --- [veterinaria] [           main] o.s.b.f.s.DefaultListableBeanFactory     : Autowiring by type from bean name 'dataSource' via factory method to bean named 'spring.datasource-org.springframework.boot.autoconfigure.jdbc.DataSourceProperties'
2025-05-05T23:34:43.967-04:00 DEBUG 98217 --- [veterinaria] [           main] o.s.b.f.s.DefaultListableBeanFactory     : Autowiring by type from bean name 'dataSource' via factory method to bean named 'jdbcConnectionDetails'
2025-05-05T23:34:44.204-04:00 DEBUG 98217 --- [veterinaria] [           main] o.s.b.f.s.DefaultListableBeanFactory     : Creating shared instance of singleton bean 'spring.sql.init-org.springframework.boot.autoconfigure.sql.init.SqlInitializationProperties'
2025-05-05T23:34:44.210-04:00 DEBUG 98217 --- [veterinaria] [           main] o.s.b.f.s.DefaultListableBeanFactory     : Autowiring by type from bean name 'dataSourceScriptDatabaseInitializer' via factory method to bean named 'dataSource'
2025-05-05T23:34:44.210-04:00 DEBUG 98217 --- [veterinaria] [           main] o.s.b.f.s.DefaultListableBeanFactory     : Autowiring by type from bean name 'dataSourceScriptDatabaseInitializer' via factory method to bean named 'spring.sql.init-org.springframework.boot.autoconfigure.sql.init.SqlInitializationProperties'
2025-05-05T23:34:44.217-04:00 DEBUG 98217 --- [veterinaria] [           main] o.s.b.f.s.DefaultListableBeanFactory     : Creating shared instance of singleton bean 'entityManagerFactory'
2025-05-05T23:34:44.218-04:00 DEBUG 98217 --- [veterinaria] [           main] o.s.b.f.s.DefaultListableBeanFactory     : Creating shared instance of singleton bean 'org.springframework.boot.autoconfigure.orm.jpa.HibernateJpaConfiguration'
2025-05-05T23:34:44.219-04:00 DEBUG 98217 --- [veterinaria] [           main] o.s.b.f.s.DefaultListableBeanFactory     : Creating shared instance of singleton bean 'spring.jpa-org.springframework.boot.autoconfigure.orm.jpa.JpaProperties'
2025-05-05T23:34:44.223-04:00 DEBUG 98217 --- [veterinaria] [           main] o.s.b.f.s.DefaultListableBeanFactory     : Creating shared instance of singleton bean 'spring.jpa.hibernate-org.springframework.boot.autoconfigure.orm.jpa.HibernateProperties'
2025-05-05T23:34:44.225-04:00 DEBUG 98217 --- [veterinaria] [           main] o.s.b.f.s.DefaultListableBeanFactory     : Autowiring by type from bean name 'org.springframework.boot.autoconfigure.orm.jpa.HibernateJpaConfiguration' via constructor to bean named 'dataSource'
2025-05-05T23:34:44.226-04:00 DEBUG 98217 --- [veterinaria] [           main] o.s.b.f.s.DefaultListableBeanFactory     : Autowiring by type from bean name 'org.springframework.boot.autoconfigure.orm.jpa.HibernateJpaConfiguration' via constructor to bean named 'spring.jpa-org.springframework.boot.autoconfigure.orm.jpa.JpaProperties'
2025-05-05T23:34:44.226-04:00 DEBUG 98217 --- [veterinaria] [           main] o.s.b.f.s.DefaultListableBeanFactory     : Autowiring by type from bean name 'org.springframework.boot.autoconfigure.orm.jpa.HibernateJpaConfiguration' via constructor to bean named 'org.springframework.beans.factory.support.DefaultListableBeanFactory@796d3c9f'
2025-05-05T23:34:44.226-04:00 DEBUG 98217 --- [veterinaria] [           main] o.s.b.f.s.DefaultListableBeanFactory     : Autowiring by type from bean name 'org.springframework.boot.autoconfigure.orm.jpa.HibernateJpaConfiguration' via constructor to bean named 'spring.jpa.hibernate-org.springframework.boot.autoconfigure.orm.jpa.HibernateProperties'
2025-05-05T23:34:44.230-04:00 DEBUG 98217 --- [veterinaria] [           main] o.s.b.f.s.DefaultListableBeanFactory     : Creating shared instance of singleton bean 'oracleUcpPoolDataSourceMetadataProvider'
2025-05-05T23:34:44.230-04:00 DEBUG 98217 --- [veterinaria] [           main] o.s.b.f.s.DefaultListableBeanFactory     : Creating shared instance of singleton bean 'org.springframework.boot.autoconfigure.jdbc.metadata.DataSourcePoolMetadataProvidersConfiguration$OracleUcpPoolDataSourceMetadataProviderConfiguration'
2025-05-05T23:34:44.232-04:00 DEBUG 98217 --- [veterinaria] [           main] o.s.b.f.s.DefaultListableBeanFactory     : Creating shared instance of singleton bean 'hikariPoolDataSourceMetadataProvider'
2025-05-05T23:34:44.232-04:00 DEBUG 98217 --- [veterinaria] [           main] o.s.b.f.s.DefaultListableBeanFactory     : Creating shared instance of singleton bean 'org.springframework.boot.autoconfigure.jdbc.metadata.DataSourcePoolMetadataProvidersConfiguration$HikariPoolDataSourceMetadataProviderConfiguration'
2025-05-05T23:34:44.238-04:00 DEBUG 98217 --- [veterinaria] [           main] o.s.b.f.s.DefaultListableBeanFactory     : Creating shared instance of singleton bean 'entityManagerFactoryBuilder'
2025-05-05T23:34:44.239-04:00 DEBUG 98217 --- [veterinaria] [           main] o.s.b.f.s.DefaultListableBeanFactory     : Creating shared instance of singleton bean 'jpaVendorAdapter'
2025-05-05T23:34:44.253-04:00 DEBUG 98217 --- [veterinaria] [           main] o.s.b.f.s.DefaultListableBeanFactory     : Autowiring by type from bean name 'entityManagerFactoryBuilder' via factory method to bean named 'jpaVendorAdapter'
2025-05-05T23:34:44.258-04:00 DEBUG 98217 --- [veterinaria] [           main] o.s.b.f.s.DefaultListableBeanFactory     : Creating shared instance of singleton bean 'persistenceManagedTypes'
2025-05-05T23:34:44.259-04:00 DEBUG 98217 --- [veterinaria] [           main] o.s.b.f.s.DefaultListableBeanFactory     : Autowiring by type from bean name 'persistenceManagedTypes' via factory method to bean named 'org.springframework.beans.factory.support.DefaultListableBeanFactory@796d3c9f'
2025-05-05T23:34:44.259-04:00 DEBUG 98217 --- [veterinaria] [           main] o.s.b.f.s.DefaultListableBeanFactory     : Autowiring by type from bean name 'persistenceManagedTypes' via factory method to bean named 'org.springframework.web.context.support.GenericWebApplicationContext@5215cd9a'
2025-05-05T23:34:44.277-04:00 DEBUG 98217 --- [veterinaria] [           main] o.s.b.f.s.DefaultListableBeanFactory     : Autowiring by type from bean name 'entityManagerFactory' via factory method to bean named 'entityManagerFactoryBuilder'
2025-05-05T23:34:44.277-04:00 DEBUG 98217 --- [veterinaria] [           main] o.s.b.f.s.DefaultListableBeanFactory     : Autowiring by type from bean name 'entityManagerFactory' via factory method to bean named 'persistenceManagedTypes'
2025-05-05T23:34:44.292-04:00 DEBUG 98217 --- [veterinaria] [           main] j.LocalContainerEntityManagerFactoryBean : Building JPA container EntityManagerFactory for persistence unit 'default'
2025-05-05T23:34:44.310-04:00 DEBUG 98217 --- [veterinaria] [           main] o.hibernate.jpa.internal.util.LogHelper  : PersistenceUnitInfo [
	name: default
	persistence provider classname: null
	classloader: jdk.internal.loader.ClassLoaders$AppClassLoader@18ff02e4
	excludeUnlistedClasses: true
	JTA datasource: null
	Non JTA datasource: HikariDataSource (null)
	Transaction type: RESOURCE_LOCAL
	PU root URL: file:/Users/robertinostroza/Desktop/Full-stack-I/Semana-8/target/test-classes/
	Shared Cache Mode: UNSPECIFIED
	Validation Mode: AUTO
	Jar files URLs []
	Managed classes names [
		com.example.veterinaria.model.Cliente
		com.example.veterinaria.model.Factura
		com.example.veterinaria.model.Mascota
		com.example.veterinaria.model.ServicioVeterinario]
	Mapping files names []
	Properties []
2025-05-05T23:34:44.316-04:00 DEBUG 98217 --- [veterinaria] [           main] o.h.i.internal.IntegratorServiceImpl     : Adding Integrator [org.hibernate.boot.beanvalidation.BeanValidationIntegrator].
2025-05-05T23:34:44.317-04:00 DEBUG 98217 --- [veterinaria] [           main] o.h.i.internal.IntegratorServiceImpl     : Adding Integrator [org.hibernate.cache.internal.CollectionCacheInvalidator].
2025-05-05T23:34:44.355-04:00  INFO 98217 --- [veterinaria] [           main] org.hibernate.Version                    : HHH000412: Hibernate ORM core version 6.6.11.Final
2025-05-05T23:34:44.356-04:00 DEBUG 98217 --- [veterinaria] [           main] org.hibernate.cfg.Environment            : HHH000206: 'hibernate.properties' not found
2025-05-05T23:34:44.375-04:00 DEBUG 98217 --- [veterinaria] [           main] org.hibernate.orm.idgen.factory          : Registering IdentifierGenerator strategy [uuid2] -> [org.hibernate.id.UUIDGenerator]
2025-05-05T23:34:44.375-04:00 DEBUG 98217 --- [veterinaria] [           main] org.hibernate.orm.idgen.factory          : Registering IdentifierGenerator strategy [guid] -> [org.hibernate.id.GUIDGenerator]
2025-05-05T23:34:44.376-04:00 DEBUG 98217 --- [veterinaria] [           main] org.hibernate.orm.idgen.factory          : Registering IdentifierGenerator strategy [uuid] -> [org.hibernate.id.UUIDHexGenerator]
2025-05-05T23:34:44.376-04:00 DEBUG 98217 --- [veterinaria] [           main] org.hibernate.orm.idgen.factory          : Registering IdentifierGenerator strategy [uuid.hex] -> [org.hibernate.id.UUIDHexGenerator]
2025-05-05T23:34:44.376-04:00 DEBUG 98217 --- [veterinaria] [           main] org.hibernate.orm.idgen.factory          : Registering IdentifierGenerator strategy [assigned] -> [org.hibernate.id.Assigned]
2025-05-05T23:34:44.377-04:00 DEBUG 98217 --- [veterinaria] [           main] org.hibernate.orm.idgen.factory          : Registering IdentifierGenerator strategy [identity] -> [org.hibernate.id.IdentityGenerator]
2025-05-05T23:34:44.377-04:00 DEBUG 98217 --- [veterinaria] [           main] org.hibernate.orm.idgen.factory          : Registering IdentifierGenerator strategy [select] -> [org.hibernate.id.SelectGenerator]
2025-05-05T23:34:44.378-04:00 DEBUG 98217 --- [veterinaria] [           main] org.hibernate.orm.idgen.factory          : Registering IdentifierGenerator strategy [sequence] -> [org.hibernate.id.enhanced.SequenceStyleGenerator]
2025-05-05T23:34:44.379-04:00 DEBUG 98217 --- [veterinaria] [           main] org.hibernate.orm.idgen.factory          : Registering IdentifierGenerator strategy [increment] -> [org.hibernate.id.IncrementGenerator]
2025-05-05T23:34:44.379-04:00 DEBUG 98217 --- [veterinaria] [           main] org.hibernate.orm.idgen.factory          : Registering IdentifierGenerator strategy [foreign] -> [org.hibernate.id.ForeignGenerator]
2025-05-05T23:34:44.379-04:00 DEBUG 98217 --- [veterinaria] [           main] org.hibernate.orm.idgen.factory          : Registering IdentifierGenerator strategy [enhanced-sequence] -> [org.hibernate.id.enhanced.SequenceStyleGenerator]
2025-05-05T23:34:44.380-04:00 DEBUG 98217 --- [veterinaria] [           main] org.hibernate.orm.idgen.factory          : Registering IdentifierGenerator strategy [enhanced-table] -> [org.hibernate.id.enhanced.TableGenerator]
2025-05-05T23:34:44.385-04:00 DEBUG 98217 --- [veterinaria] [           main] o.h.c.internal.RegionFactoryInitiator    : Cannot default RegionFactory based on registered strategies as `[]` RegionFactory strategies were registered
2025-05-05T23:34:44.386-04:00  INFO 98217 --- [veterinaria] [           main] o.h.c.internal.RegionFactoryInitiator    : HHH000026: Second-level cache disabled
2025-05-05T23:34:44.468-04:00 DEBUG 98217 --- [veterinaria] [           main] org.hibernate.type.BasicTypeRegistry     : Adding type registration boolean -> org.hibernate.type.BasicTypeReference@17c0274c
2025-05-05T23:34:44.469-04:00 DEBUG 98217 --- [veterinaria] [           main] org.hibernate.type.BasicTypeRegistry     : Adding type registration boolean -> org.hibernate.type.BasicTypeReference@17c0274c
2025-05-05T23:34:44.469-04:00 DEBUG 98217 --- [veterinaria] [           main] org.hibernate.type.BasicTypeRegistry     : Adding type registration java.lang.Boolean -> org.hibernate.type.BasicTypeReference@17c0274c
2025-05-05T23:34:44.469-04:00 DEBUG 98217 --- [veterinaria] [           main] org.hibernate.type.BasicTypeRegistry     : Adding type registration numeric_boolean -> org.hibernate.type.BasicTypeReference@7abeabe9
2025-05-05T23:34:44.469-04:00 DEBUG 98217 --- [veterinaria] [           main] org.hibernate.type.BasicTypeRegistry     : Adding type registration org.hibernate.type.NumericBooleanConverter -> org.hibernate.type.BasicTypeReference@7abeabe9
2025-05-05T23:34:44.469-04:00 DEBUG 98217 --- [veterinaria] [           main] org.hibernate.type.BasicTypeRegistry     : Adding type registration true_false -> org.hibernate.type.BasicTypeReference@5a05dd30
2025-05-05T23:34:44.469-04:00 DEBUG 98217 --- [veterinaria] [           main] org.hibernate.type.BasicTypeRegistry     : Adding type registration org.hibernate.type.TrueFalseConverter -> org.hibernate.type.BasicTypeReference@5a05dd30
2025-05-05T23:34:44.469-04:00 DEBUG 98217 --- [veterinaria] [           main] org.hibernate.type.BasicTypeRegistry     : Adding type registration yes_no -> org.hibernate.type.BasicTypeReference@1b52699c
2025-05-05T23:34:44.470-04:00 DEBUG 98217 --- [veterinaria] [           main] org.hibernate.type.BasicTypeRegistry     : Adding type registration org.hibernate.type.YesNoConverter -> org.hibernate.type.BasicTypeReference@1b52699c
2025-05-05T23:34:44.470-04:00 DEBUG 98217 --- [veterinaria] [           main] org.hibernate.type.BasicTypeRegistry     : Adding type registration byte -> org.hibernate.type.BasicTypeReference@dbed7fd
2025-05-05T23:34:44.470-04:00 DEBUG 98217 --- [veterinaria] [           main] org.hibernate.type.BasicTypeRegistry     : Adding type registration byte -> org.hibernate.type.BasicTypeReference@dbed7fd
2025-05-05T23:34:44.470-04:00 DEBUG 98217 --- [veterinaria] [           main] org.hibernate.type.BasicTypeRegistry     : Adding type registration java.lang.Byte -> org.hibernate.type.BasicTypeReference@dbed7fd
2025-05-05T23:34:44.470-04:00 DEBUG 98217 --- [veterinaria] [           main] org.hibernate.type.BasicTypeRegistry     : Adding type registration binary -> org.hibernate.type.BasicTypeReference@250d440
2025-05-05T23:34:44.470-04:00 DEBUG 98217 --- [veterinaria] [           main] org.hibernate.type.BasicTypeRegistry     : Adding type registration byte[] -> org.hibernate.type.BasicTypeReference@250d440
2025-05-05T23:34:44.470-04:00 DEBUG 98217 --- [veterinaria] [           main] org.hibernate.type.BasicTypeRegistry     : Adding type registration [B -> org.hibernate.type.BasicTypeReference@250d440
2025-05-05T23:34:44.470-04:00 DEBUG 98217 --- [veterinaria] [           main] org.hibernate.type.BasicTypeRegistry     : Adding type registration binary_wrapper -> org.hibernate.type.BasicTypeReference@76c86567
2025-05-05T23:34:44.470-04:00 DEBUG 98217 --- [veterinaria] [           main] org.hibernate.type.BasicTypeRegistry     : Adding type registration wrapper-binary -> org.hibernate.type.BasicTypeReference@76c86567
2025-05-05T23:34:44.470-04:00 DEBUG 98217 --- [veterinaria] [           main] org.hibernate.type.BasicTypeRegistry     : Adding type registration image -> org.hibernate.type.BasicTypeReference@7e5efcab
2025-05-05T23:34:44.471-04:00 DEBUG 98217 --- [veterinaria] [           main] org.hibernate.type.BasicTypeRegistry     : Adding type registration blob -> org.hibernate.type.BasicTypeReference@5a4dda2
2025-05-05T23:34:44.471-04:00 DEBUG 98217 --- [veterinaria] [           main] org.hibernate.type.BasicTypeRegistry     : Adding type registration java.sql.Blob -> org.hibernate.type.BasicTypeReference@5a4dda2
2025-05-05T23:34:44.471-04:00 DEBUG 98217 --- [veterinaria] [           main] org.hibernate.type.BasicTypeRegistry     : Adding type registration materialized_blob -> org.hibernate.type.BasicTypeReference@1d2fb82
2025-05-05T23:34:44.471-04:00 DEBUG 98217 --- [veterinaria] [           main] org.hibernate.type.BasicTypeRegistry     : Adding type registration materialized_blob_wrapper -> org.hibernate.type.BasicTypeReference@34045582
2025-05-05T23:34:44.471-04:00 DEBUG 98217 --- [veterinaria] [           main] org.hibernate.type.BasicTypeRegistry     : Adding type registration short -> org.hibernate.type.BasicTypeReference@3db65c0d
2025-05-05T23:34:44.471-04:00 DEBUG 98217 --- [veterinaria] [           main] org.hibernate.type.BasicTypeRegistry     : Adding type registration short -> org.hibernate.type.BasicTypeReference@3db65c0d
2025-05-05T23:34:44.471-04:00 DEBUG 98217 --- [veterinaria] [           main] org.hibernate.type.BasicTypeRegistry     : Adding type registration java.lang.Short -> org.hibernate.type.BasicTypeReference@3db65c0d
2025-05-05T23:34:44.471-04:00 DEBUG 98217 --- [veterinaria] [           main] org.hibernate.type.BasicTypeRegistry     : Adding type registration integer -> org.hibernate.type.BasicTypeReference@1edccfd4
2025-05-05T23:34:44.471-04:00 DEBUG 98217 --- [veterinaria] [           main] org.hibernate.type.BasicTypeRegistry     : Adding type registration int -> org.hibernate.type.BasicTypeReference@1edccfd4
2025-05-05T23:34:44.471-04:00 DEBUG 98217 --- [veterinaria] [           main] org.hibernate.type.BasicTypeRegistry     : Adding type registration java.lang.Integer -> org.hibernate.type.BasicTypeReference@1edccfd4
2025-05-05T23:34:44.471-04:00 DEBUG 98217 --- [veterinaria] [           main] org.hibernate.type.BasicTypeRegistry     : Adding type registration long -> org.hibernate.type.BasicTypeReference@8c43966
2025-05-05T23:34:44.471-04:00 DEBUG 98217 --- [veterinaria] [           main] org.hibernate.type.BasicTypeRegistry     : Adding type registration long -> org.hibernate.type.BasicTypeReference@8c43966
2025-05-05T23:34:44.472-04:00 DEBUG 98217 --- [veterinaria] [           main] org.hibernate.type.BasicTypeRegistry     : Adding type registration java.lang.Long -> org.hibernate.type.BasicTypeReference@8c43966
2025-05-05T23:34:44.472-04:00 DEBUG 98217 --- [veterinaria] [           main] org.hibernate.type.BasicTypeRegistry     : Adding type registration float -> org.hibernate.type.BasicTypeReference@1efac5b9
2025-05-05T23:34:44.472-04:00 DEBUG 98217 --- [veterinaria] [           main] org.hibernate.type.BasicTypeRegistry     : Adding type registration float -> org.hibernate.type.BasicTypeReference@1efac5b9
2025-05-05T23:34:44.472-04:00 DEBUG 98217 --- [veterinaria] [           main] org.hibernate.type.BasicTypeRegistry     : Adding type registration java.lang.Float -> org.hibernate.type.BasicTypeReference@1efac5b9
2025-05-05T23:34:44.472-04:00 DEBUG 98217 --- [veterinaria] [           main] org.hibernate.type.BasicTypeRegistry     : Adding type registration double -> org.hibernate.type.BasicTypeReference@11a3a45f
2025-05-05T23:34:44.472-04:00 DEBUG 98217 --- [veterinaria] [           main] org.hibernate.type.BasicTypeRegistry     : Adding type registration double -> org.hibernate.type.BasicTypeReference@11a3a45f
2025-05-05T23:34:44.472-04:00 DEBUG 98217 --- [veterinaria] [           main] org.hibernate.type.BasicTypeRegistry     : Adding type registration java.lang.Double -> org.hibernate.type.BasicTypeReference@11a3a45f
2025-05-05T23:34:44.472-04:00 DEBUG 98217 --- [veterinaria] [           main] org.hibernate.type.BasicTypeRegistry     : Adding type registration big_integer -> org.hibernate.type.BasicTypeReference@69796bd0
2025-05-05T23:34:44.472-04:00 DEBUG 98217 --- [veterinaria] [           main] org.hibernate.type.BasicTypeRegistry     : Adding type registration java.math.BigInteger -> org.hibernate.type.BasicTypeReference@69796bd0
2025-05-05T23:34:44.472-04:00 DEBUG 98217 --- [veterinaria] [           main] org.hibernate.type.BasicTypeRegistry     : Adding type registration big_decimal -> org.hibernate.type.BasicTypeReference@40df6090
2025-05-05T23:34:44.472-04:00 DEBUG 98217 --- [veterinaria] [           main] org.hibernate.type.BasicTypeRegistry     : Adding type registration java.math.BigDecimal -> org.hibernate.type.BasicTypeReference@40df6090
2025-05-05T23:34:44.472-04:00 DEBUG 98217 --- [veterinaria] [           main] org.hibernate.type.BasicTypeRegistry     : Adding type registration character -> org.hibernate.type.BasicTypeReference@8c0a23f
2025-05-05T23:34:44.472-04:00 DEBUG 98217 --- [veterinaria] [           main] org.hibernate.type.BasicTypeRegistry     : Adding type registration char -> org.hibernate.type.BasicTypeReference@8c0a23f
2025-05-05T23:34:44.473-04:00 DEBUG 98217 --- [veterinaria] [           main] org.hibernate.type.BasicTypeRegistry     : Adding type registration java.lang.Character -> org.hibernate.type.BasicTypeReference@8c0a23f
2025-05-05T23:34:44.473-04:00 DEBUG 98217 --- [veterinaria] [           main] org.hibernate.type.BasicTypeRegistry     : Adding type registration character_nchar -> org.hibernate.type.BasicTypeReference@44d7e24
2025-05-05T23:34:44.473-04:00 DEBUG 98217 --- [veterinaria] [           main] org.hibernate.type.BasicTypeRegistry     : Adding type registration string -> org.hibernate.type.BasicTypeReference@26c8b296
2025-05-05T23:34:44.473-04:00 DEBUG 98217 --- [veterinaria] [           main] org.hibernate.type.BasicTypeRegistry     : Adding type registration java.lang.String -> org.hibernate.type.BasicTypeReference@26c8b296
2025-05-05T23:34:44.473-04:00 DEBUG 98217 --- [veterinaria] [           main] org.hibernate.type.BasicTypeRegistry     : Adding type registration nstring -> org.hibernate.type.BasicTypeReference@1d289d3f
2025-05-05T23:34:44.473-04:00 DEBUG 98217 --- [veterinaria] [           main] org.hibernate.type.BasicTypeRegistry     : Adding type registration characters -> org.hibernate.type.BasicTypeReference@10f405ff
2025-05-05T23:34:44.473-04:00 DEBUG 98217 --- [veterinaria] [           main] org.hibernate.type.BasicTypeRegistry     : Adding type registration char[] -> org.hibernate.type.BasicTypeReference@10f405ff
2025-05-05T23:34:44.473-04:00 DEBUG 98217 --- [veterinaria] [           main] org.hibernate.type.BasicTypeRegistry     : Adding type registration [C -> org.hibernate.type.BasicTypeReference@10f405ff
2025-05-05T23:34:44.473-04:00 DEBUG 98217 --- [veterinaria] [           main] org.hibernate.type.BasicTypeRegistry     : Adding type registration wrapper-characters -> org.hibernate.type.BasicTypeReference@7f27f59b
2025-05-05T23:34:44.473-04:00 DEBUG 98217 --- [veterinaria] [           main] org.hibernate.type.BasicTypeRegistry     : Adding type registration text -> org.hibernate.type.BasicTypeReference@1c98b4eb
2025-05-05T23:34:44.474-04:00 DEBUG 98217 --- [veterinaria] [           main] org.hibernate.type.BasicTypeRegistry     : Adding type registration ntext -> org.hibernate.type.BasicTypeReference@45801322
2025-05-05T23:34:44.474-04:00 DEBUG 98217 --- [veterinaria] [           main] org.hibernate.type.BasicTypeRegistry     : Adding type registration clob -> org.hibernate.type.BasicTypeReference@756b2d90
2025-05-05T23:34:44.474-04:00 DEBUG 98217 --- [veterinaria] [           main] org.hibernate.type.BasicTypeRegistry     : Adding type registration java.sql.Clob -> org.hibernate.type.BasicTypeReference@756b2d90
2025-05-05T23:34:44.474-04:00 DEBUG 98217 --- [veterinaria] [           main] org.hibernate.type.BasicTypeRegistry     : Adding type registration nclob -> org.hibernate.type.BasicTypeReference@3520958b
2025-05-05T23:34:44.474-04:00 DEBUG 98217 --- [veterinaria] [           main] org.hibernate.type.BasicTypeRegistry     : Adding type registration java.sql.NClob -> org.hibernate.type.BasicTypeReference@3520958b
2025-05-05T23:34:44.474-04:00 DEBUG 98217 --- [veterinaria] [           main] org.hibernate.type.BasicTypeRegistry     : Adding type registration materialized_clob -> org.hibernate.type.BasicTypeReference@6cc64028
2025-05-05T23:34:44.474-04:00 DEBUG 98217 --- [veterinaria] [           main] org.hibernate.type.BasicTypeRegistry     : Adding type registration materialized_clob_char_array -> org.hibernate.type.BasicTypeReference@291a4791
2025-05-05T23:34:44.474-04:00 DEBUG 98217 --- [veterinaria] [           main] org.hibernate.type.BasicTypeRegistry     : Adding type registration materialized_clob_character_array -> org.hibernate.type.BasicTypeReference@5b1e88f
2025-05-05T23:34:44.474-04:00 DEBUG 98217 --- [veterinaria] [           main] org.hibernate.type.BasicTypeRegistry     : Adding type registration materialized_nclob -> org.hibernate.type.BasicTypeReference@340cb97f
2025-05-05T23:34:44.474-04:00 DEBUG 98217 --- [veterinaria] [           main] org.hibernate.type.BasicTypeRegistry     : Adding type registration materialized_nclob_character_array -> org.hibernate.type.BasicTypeReference@6a1568d6
2025-05-05T23:34:44.474-04:00 DEBUG 98217 --- [veterinaria] [           main] org.hibernate.type.BasicTypeRegistry     : Adding type registration materialized_nclob_char_array -> org.hibernate.type.BasicTypeReference@11c88cca
2025-05-05T23:34:44.475-04:00 DEBUG 98217 --- [veterinaria] [           main] org.hibernate.type.BasicTypeRegistry     : Adding type registration Duration -> org.hibernate.type.BasicTypeReference@1b37fbec
2025-05-05T23:34:44.475-04:00 DEBUG 98217 --- [veterinaria] [           main] org.hibernate.type.BasicTypeRegistry     : Adding type registration java.time.Duration -> org.hibernate.type.BasicTypeReference@1b37fbec
2025-05-05T23:34:44.475-04:00 DEBUG 98217 --- [veterinaria] [           main] org.hibernate.type.BasicTypeRegistry     : Adding type registration LocalDateTime -> org.hibernate.type.BasicTypeReference@4a216eb4
2025-05-05T23:34:44.475-04:00 DEBUG 98217 --- [veterinaria] [           main] org.hibernate.type.BasicTypeRegistry     : Adding type registration java.time.LocalDateTime -> org.hibernate.type.BasicTypeReference@4a216eb4
2025-05-05T23:34:44.475-04:00 DEBUG 98217 --- [veterinaria] [           main] org.hibernate.type.BasicTypeRegistry     : Adding type registration LocalDate -> org.hibernate.type.BasicTypeReference@bb3ecfe
2025-05-05T23:34:44.475-04:00 DEBUG 98217 --- [veterinaria] [           main] org.hibernate.type.BasicTypeRegistry     : Adding type registration java.time.LocalDate -> org.hibernate.type.BasicTypeReference@bb3ecfe
2025-05-05T23:34:44.475-04:00 DEBUG 98217 --- [veterinaria] [           main] org.hibernate.type.BasicTypeRegistry     : Adding type registration LocalTime -> org.hibernate.type.BasicTypeReference@5ec88f9e
2025-05-05T23:34:44.475-04:00 DEBUG 98217 --- [veterinaria] [           main] org.hibernate.type.BasicTypeRegistry     : Adding type registration java.time.LocalTime -> org.hibernate.type.BasicTypeReference@5ec88f9e
2025-05-05T23:34:44.475-04:00 DEBUG 98217 --- [veterinaria] [           main] org.hibernate.type.BasicTypeRegistry     : Adding type registration OffsetDateTime -> org.hibernate.type.BasicTypeReference@7a04f730
2025-05-05T23:34:44.475-04:00 DEBUG 98217 --- [veterinaria] [           main] org.hibernate.type.BasicTypeRegistry     : Adding type registration java.time.OffsetDateTime -> org.hibernate.type.BasicTypeReference@7a04f730
2025-05-05T23:34:44.475-04:00 DEBUG 98217 --- [veterinaria] [           main] org.hibernate.type.BasicTypeRegistry     : Adding type registration OffsetDateTimeWithTimezone -> org.hibernate.type.BasicTypeReference@3b11620a
2025-05-05T23:34:44.475-04:00 DEBUG 98217 --- [veterinaria] [           main] org.hibernate.type.BasicTypeRegistry     : Adding type registration OffsetDateTimeWithoutTimezone -> org.hibernate.type.BasicTypeReference@2fd1ad8a
2025-05-05T23:34:44.475-04:00 DEBUG 98217 --- [veterinaria] [           main] org.hibernate.type.BasicTypeRegistry     : Adding type registration OffsetTime -> org.hibernate.type.BasicTypeReference@357f6391
2025-05-05T23:34:44.476-04:00 DEBUG 98217 --- [veterinaria] [           main] org.hibernate.type.BasicTypeRegistry     : Adding type registration java.time.OffsetTime -> org.hibernate.type.BasicTypeReference@357f6391
2025-05-05T23:34:44.476-04:00 DEBUG 98217 --- [veterinaria] [           main] org.hibernate.type.BasicTypeRegistry     : Adding type registration OffsetTimeUtc -> org.hibernate.type.BasicTypeReference@689faf79
2025-05-05T23:34:44.476-04:00 DEBUG 98217 --- [veterinaria] [           main] org.hibernate.type.BasicTypeRegistry     : Adding type registration OffsetTimeWithTimezone -> org.hibernate.type.BasicTypeReference@582e9152
2025-05-05T23:34:44.476-04:00 DEBUG 98217 --- [veterinaria] [           main] org.hibernate.type.BasicTypeRegistry     : Adding type registration OffsetTimeWithoutTimezone -> org.hibernate.type.BasicTypeReference@7a31ca20
2025-05-05T23:34:44.476-04:00 DEBUG 98217 --- [veterinaria] [           main] org.hibernate.type.BasicTypeRegistry     : Adding type registration ZonedDateTime -> org.hibernate.type.BasicTypeReference@349c4d1c
2025-05-05T23:34:44.476-04:00 DEBUG 98217 --- [veterinaria] [           main] org.hibernate.type.BasicTypeRegistry     : Adding type registration java.time.ZonedDateTime -> org.hibernate.type.BasicTypeReference@349c4d1c
2025-05-05T23:34:44.476-04:00 DEBUG 98217 --- [veterinaria] [           main] org.hibernate.type.BasicTypeRegistry     : Adding type registration ZonedDateTimeWithTimezone -> org.hibernate.type.BasicTypeReference@21edd891
2025-05-05T23:34:44.476-04:00 DEBUG 98217 --- [veterinaria] [           main] org.hibernate.type.BasicTypeRegistry     : Adding type registration ZonedDateTimeWithoutTimezone -> org.hibernate.type.BasicTypeReference@de579ff
2025-05-05T23:34:44.476-04:00 DEBUG 98217 --- [veterinaria] [           main] org.hibernate.type.BasicTypeRegistry     : Adding type registration date -> org.hibernate.type.BasicTypeReference@7971c2a9
2025-05-05T23:34:44.477-04:00 DEBUG 98217 --- [veterinaria] [           main] org.hibernate.type.BasicTypeRegistry     : Adding type registration java.sql.Date -> org.hibernate.type.BasicTypeReference@7971c2a9
2025-05-05T23:34:44.477-04:00 DEBUG 98217 --- [veterinaria] [           main] org.hibernate.type.BasicTypeRegistry     : Adding type registration time -> org.hibernate.type.BasicTypeReference@2fd39436
2025-05-05T23:34:44.477-04:00 DEBUG 98217 --- [veterinaria] [           main] org.hibernate.type.BasicTypeRegistry     : Adding type registration java.sql.Time -> org.hibernate.type.BasicTypeReference@2fd39436
2025-05-05T23:34:44.477-04:00 DEBUG 98217 --- [veterinaria] [           main] org.hibernate.type.BasicTypeRegistry     : Adding type registration timestamp -> org.hibernate.type.BasicTypeReference@60b5e80d
2025-05-05T23:34:44.477-04:00 DEBUG 98217 --- [veterinaria] [           main] org.hibernate.type.BasicTypeRegistry     : Adding type registration java.sql.Timestamp -> org.hibernate.type.BasicTypeReference@60b5e80d
2025-05-05T23:34:44.477-04:00 DEBUG 98217 --- [veterinaria] [           main] org.hibernate.type.BasicTypeRegistry     : Adding type registration java.util.Date -> org.hibernate.type.BasicTypeReference@60b5e80d
2025-05-05T23:34:44.477-04:00 DEBUG 98217 --- [veterinaria] [           main] org.hibernate.type.BasicTypeRegistry     : Adding type registration calendar -> org.hibernate.type.BasicTypeReference@46394f65
2025-05-05T23:34:44.477-04:00 DEBUG 98217 --- [veterinaria] [           main] org.hibernate.type.BasicTypeRegistry     : Adding type registration java.util.Calendar -> org.hibernate.type.BasicTypeReference@46394f65
2025-05-05T23:34:44.477-04:00 DEBUG 98217 --- [veterinaria] [           main] org.hibernate.type.BasicTypeRegistry     : Adding type registration java.util.GregorianCalendar -> org.hibernate.type.BasicTypeReference@46394f65
2025-05-05T23:34:44.477-04:00 DEBUG 98217 --- [veterinaria] [           main] org.hibernate.type.BasicTypeRegistry     : Adding type registration calendar_date -> org.hibernate.type.BasicTypeReference@31aab981
2025-05-05T23:34:44.477-04:00 DEBUG 98217 --- [veterinaria] [           main] org.hibernate.type.BasicTypeRegistry     : Adding type registration calendar_time -> org.hibernate.type.BasicTypeReference@26be9a6
2025-05-05T23:34:44.477-04:00 DEBUG 98217 --- [veterinaria] [           main] org.hibernate.type.BasicTypeRegistry     : Adding type registration instant -> org.hibernate.type.BasicTypeReference@4d518c66
2025-05-05T23:34:44.477-04:00 DEBUG 98217 --- [veterinaria] [           main] org.hibernate.type.BasicTypeRegistry     : Adding type registration java.time.Instant -> org.hibernate.type.BasicTypeReference@4d518c66
2025-05-05T23:34:44.477-04:00 DEBUG 98217 --- [veterinaria] [           main] org.hibernate.type.BasicTypeRegistry     : Adding type registration uuid -> org.hibernate.type.BasicTypeReference@411fa0ce
2025-05-05T23:34:44.478-04:00 DEBUG 98217 --- [veterinaria] [           main] org.hibernate.type.BasicTypeRegistry     : Adding type registration java.util.UUID -> org.hibernate.type.BasicTypeReference@411fa0ce
2025-05-05T23:34:44.478-04:00 DEBUG 98217 --- [veterinaria] [           main] org.hibernate.type.BasicTypeRegistry     : Adding type registration pg-uuid -> org.hibernate.type.BasicTypeReference@411fa0ce
2025-05-05T23:34:44.478-04:00 DEBUG 98217 --- [veterinaria] [           main] org.hibernate.type.BasicTypeRegistry     : Adding type registration uuid-binary -> org.hibernate.type.BasicTypeReference@251d7fdd
2025-05-05T23:34:44.478-04:00 DEBUG 98217 --- [veterinaria] [           main] org.hibernate.type.BasicTypeRegistry     : Adding type registration uuid-char -> org.hibernate.type.BasicTypeReference@78e68401
2025-05-05T23:34:44.478-04:00 DEBUG 98217 --- [veterinaria] [           main] org.hibernate.type.BasicTypeRegistry     : Adding type registration class -> org.hibernate.type.BasicTypeReference@391515c7
2025-05-05T23:34:44.478-04:00 DEBUG 98217 --- [veterinaria] [           main] org.hibernate.type.BasicTypeRegistry     : Adding type registration java.lang.Class -> org.hibernate.type.BasicTypeReference@391515c7
2025-05-05T23:34:44.478-04:00 DEBUG 98217 --- [veterinaria] [           main] org.hibernate.type.BasicTypeRegistry     : Adding type registration currency -> org.hibernate.type.BasicTypeReference@5b0dbfb
2025-05-05T23:34:44.478-04:00 DEBUG 98217 --- [veterinaria] [           main] org.hibernate.type.BasicTypeRegistry     : Adding type registration Currency -> org.hibernate.type.BasicTypeReference@5b0dbfb
2025-05-05T23:34:44.479-04:00 DEBUG 98217 --- [veterinaria] [           main] org.hibernate.type.BasicTypeRegistry     : Adding type registration java.util.Currency -> org.hibernate.type.BasicTypeReference@5b0dbfb
2025-05-05T23:34:44.479-04:00 DEBUG 98217 --- [veterinaria] [           main] org.hibernate.type.BasicTypeRegistry     : Adding type registration locale -> org.hibernate.type.BasicTypeReference@797fcf9
2025-05-05T23:34:44.479-04:00 DEBUG 98217 --- [veterinaria] [           main] org.hibernate.type.BasicTypeRegistry     : Adding type registration java.util.Locale -> org.hibernate.type.BasicTypeReference@797fcf9
2025-05-05T23:34:44.479-04:00 DEBUG 98217 --- [veterinaria] [           main] org.hibernate.type.BasicTypeRegistry     : Adding type registration serializable -> org.hibernate.type.BasicTypeReference@16bd7ae1
2025-05-05T23:34:44.479-04:00 DEBUG 98217 --- [veterinaria] [           main] org.hibernate.type.BasicTypeRegistry     : Adding type registration java.io.Serializable -> org.hibernate.type.BasicTypeReference@16bd7ae1
2025-05-05T23:34:44.479-04:00 DEBUG 98217 --- [veterinaria] [           main] org.hibernate.type.BasicTypeRegistry     : Adding type registration timezone -> org.hibernate.type.BasicTypeReference@15d114ce
2025-05-05T23:34:44.479-04:00 DEBUG 98217 --- [veterinaria] [           main] org.hibernate.type.BasicTypeRegistry     : Adding type registration java.util.TimeZone -> org.hibernate.type.BasicTypeReference@15d114ce
2025-05-05T23:34:44.479-04:00 DEBUG 98217 --- [veterinaria] [           main] org.hibernate.type.BasicTypeRegistry     : Adding type registration ZoneOffset -> org.hibernate.type.BasicTypeReference@3312f4f4
2025-05-05T23:34:44.479-04:00 DEBUG 98217 --- [veterinaria] [           main] org.hibernate.type.BasicTypeRegistry     : Adding type registration java.time.ZoneOffset -> org.hibernate.type.BasicTypeReference@3312f4f4
2025-05-05T23:34:44.479-04:00 DEBUG 98217 --- [veterinaria] [           main] org.hibernate.type.BasicTypeRegistry     : Adding type registration url -> org.hibernate.type.BasicTypeReference@b5aa65b
2025-05-05T23:34:44.480-04:00 DEBUG 98217 --- [veterinaria] [           main] org.hibernate.type.BasicTypeRegistry     : Adding type registration java.net.URL -> org.hibernate.type.BasicTypeReference@b5aa65b
2025-05-05T23:34:44.480-04:00 DEBUG 98217 --- [veterinaria] [           main] org.hibernate.type.BasicTypeRegistry     : Adding type registration vector -> org.hibernate.type.BasicTypeReference@76cdafa3
2025-05-05T23:34:44.480-04:00 DEBUG 98217 --- [veterinaria] [           main] org.hibernate.type.BasicTypeRegistry     : Adding type registration float_vector -> org.hibernate.type.BasicTypeReference@6b27b2d0
2025-05-05T23:34:44.480-04:00 DEBUG 98217 --- [veterinaria] [           main] org.hibernate.type.BasicTypeRegistry     : Adding type registration double_vector -> org.hibernate.type.BasicTypeReference@4fb64e14
2025-05-05T23:34:44.480-04:00 DEBUG 98217 --- [veterinaria] [           main] org.hibernate.type.BasicTypeRegistry     : Adding type registration byte_vector -> org.hibernate.type.BasicTypeReference@118041c7
2025-05-05T23:34:44.480-04:00 DEBUG 98217 --- [veterinaria] [           main] org.hibernate.type.BasicTypeRegistry     : Adding type registration row_version -> org.hibernate.type.BasicTypeReference@a2b54e3
2025-05-05T23:34:44.484-04:00 DEBUG 98217 --- [veterinaria] [           main] org.hibernate.type.BasicTypeRegistry     : Adding type registration object -> org.hibernate.type.JavaObjectType@8e99809
2025-05-05T23:34:44.484-04:00 DEBUG 98217 --- [veterinaria] [           main] org.hibernate.type.BasicTypeRegistry     : Adding type registration java.lang.Object -> org.hibernate.type.JavaObjectType@8e99809
2025-05-05T23:34:44.485-04:00 DEBUG 98217 --- [veterinaria] [           main] org.hibernate.type.BasicTypeRegistry     : Adding type registration null -> org.hibernate.type.NullType@7ec08115
2025-05-05T23:34:44.486-04:00 DEBUG 98217 --- [veterinaria] [           main] org.hibernate.type.BasicTypeRegistry     : Adding type registration imm_date -> org.hibernate.type.BasicTypeReference@53dd42d6
2025-05-05T23:34:44.486-04:00 DEBUG 98217 --- [veterinaria] [           main] org.hibernate.type.BasicTypeRegistry     : Adding type registration imm_time -> org.hibernate.type.BasicTypeReference@1e76afeb
2025-05-05T23:34:44.486-04:00 DEBUG 98217 --- [veterinaria] [           main] org.hibernate.type.BasicTypeRegistry     : Adding type registration imm_timestamp -> org.hibernate.type.BasicTypeReference@447fa959
2025-05-05T23:34:44.486-04:00 DEBUG 98217 --- [veterinaria] [           main] org.hibernate.type.BasicTypeRegistry     : Adding type registration imm_calendar -> org.hibernate.type.BasicTypeReference@3e4d40ea
2025-05-05T23:34:44.486-04:00 DEBUG 98217 --- [veterinaria] [           main] org.hibernate.type.BasicTypeRegistry     : Adding type registration imm_calendar_date -> org.hibernate.type.BasicTypeReference@73f6e07
2025-05-05T23:34:44.487-04:00 DEBUG 98217 --- [veterinaria] [           main] org.hibernate.type.BasicTypeRegistry     : Adding type registration imm_calendar_time -> org.hibernate.type.BasicTypeReference@2c9d90fc
2025-05-05T23:34:44.487-04:00 DEBUG 98217 --- [veterinaria] [           main] org.hibernate.type.BasicTypeRegistry     : Adding type registration imm_binary -> org.hibernate.type.BasicTypeReference@1511d157
2025-05-05T23:34:44.487-04:00 DEBUG 98217 --- [veterinaria] [           main] org.hibernate.type.BasicTypeRegistry     : Adding type registration imm_serializable -> org.hibernate.type.BasicTypeReference@418f890f
2025-05-05T23:34:44.490-04:00 DEBUG 98217 --- [veterinaria] [           main] o.h.boot.internal.BootstrapContextImpl   : Injecting JPA temp ClassLoader [org.springframework.instrument.classloading.SimpleThrowawayClassLoader@563ccd31] into BootstrapContext; was [null]
2025-05-05T23:34:44.491-04:00 DEBUG 98217 --- [veterinaria] [           main] o.h.boot.internal.ClassLoaderAccessImpl  : ClassLoaderAccessImpl#injectTempClassLoader(org.springframework.instrument.classloading.SimpleThrowawayClassLoader@563ccd31) [was null]
2025-05-05T23:34:44.491-04:00 DEBUG 98217 --- [veterinaria] [           main] o.h.boot.internal.BootstrapContextImpl   : Injecting ScanEnvironment [org.hibernate.jpa.boot.internal.StandardJpaScanEnvironmentImpl@59c43561] into BootstrapContext; was [null]
2025-05-05T23:34:44.492-04:00 DEBUG 98217 --- [veterinaria] [           main] o.h.boot.internal.BootstrapContextImpl   : Injecting ScanOptions [org.hibernate.boot.archive.scan.internal.StandardScanOptions@634f58d2] into BootstrapContext; was [org.hibernate.boot.archive.scan.internal.StandardScanOptions@585513a8]
2025-05-05T23:34:44.504-04:00 DEBUG 98217 --- [veterinaria] [           main] o.h.j.b.i.PersistenceUnitInfoDescriptor  : Pushing class transformers for PU named 'default' on loading classloader jdk.internal.loader.ClassLoaders$AppClassLoader@18ff02e4
2025-05-05T23:34:44.673-04:00  INFO 98217 --- [veterinaria] [           main] o.s.o.j.p.SpringPersistenceUnitInfo      : No LoadTimeWeaver setup: ignoring JPA class transformer
2025-05-05T23:34:44.674-04:00 DEBUG 98217 --- [veterinaria] [           main] o.h.boot.internal.BootstrapContextImpl   : Injecting JPA temp ClassLoader [null] into BootstrapContext; was [org.springframework.instrument.classloading.SimpleThrowawayClassLoader@563ccd31]
2025-05-05T23:34:44.674-04:00 DEBUG 98217 --- [veterinaria] [           main] o.h.boot.internal.ClassLoaderAccessImpl  : ClassLoaderAccessImpl#injectTempClassLoader(null) [was org.springframework.instrument.classloading.SimpleThrowawayClassLoader@563ccd31]
2025-05-05T23:34:44.701-04:00  INFO 98217 --- [veterinaria] [           main] com.zaxxer.hikari.HikariDataSource       : HikariPool-1 - Starting...
2025-05-05T23:34:44.704-04:00  WARN 98217 --- [veterinaria] [           main] c.zaxxer.hikari.util.DriverDataSource    : Registered driver with driverClassName=oracle.jdbc.driver.OracleDriver was not found, trying direct instantiation.
2025-05-05T23:34:45.670-04:00  INFO 98217 --- [veterinaria] [           main] com.zaxxer.hikari.pool.HikariPool        : HikariPool-1 - Added connection oracle.jdbc.driver.T4CConnection@2a7ebe07
2025-05-05T23:34:45.672-04:00  INFO 98217 --- [veterinaria] [           main] com.zaxxer.hikari.HikariDataSource       : HikariPool-1 - Start completed.
2025-05-05T23:34:45.676-04:00 DEBUG 98217 --- [veterinaria] [           main] o.h.e.j.e.i.JdbcEnvironmentInitiator     : Database ->
	   name : Oracle
	version : Oracle Database 19c Enterprise Edition Release 19.0.0.0.0 - Production
Version 19.27.0.1.0
	  major : 19
	  minor : 1
2025-05-05T23:34:45.676-04:00 DEBUG 98217 --- [veterinaria] [           main] o.h.e.j.e.i.JdbcEnvironmentInitiator     : Driver ->
	   name : Oracle JDBC driver
	version : 19.3.0.0.0
	  major : 19
	  minor : 3
2025-05-05T23:34:45.676-04:00 DEBUG 98217 --- [veterinaria] [           main] o.h.e.j.e.i.JdbcEnvironmentInitiator     : JDBC version : 4.2
2025-05-05T23:34:45.821-04:00  WARN 98217 --- [veterinaria] [           main] org.hibernate.orm.deprecation            : HHH90000025: OracleDialect does not need to be specified explicitly using 'hibernate.dialect' (remove the property setting and it will be selected by default)
2025-05-05T23:34:45.823-04:00 DEBUG 98217 --- [veterinaria] [           main] org.hibernate.orm.dialect                : HHH035001: Using dialect: org.hibernate.dialect.OracleDialect, version: 19.1
2025-05-05T23:34:45.870-04:00  INFO 98217 --- [veterinaria] [           main] org.hibernate.orm.connections.pooling    : HHH10001005: Database info:
	Database JDBC URL [Connecting through datasource 'HikariDataSource (HikariPool-1)']
	Database driver: undefined/unknown
	Database version: 19.1
	Autocommit mode: undefined/unknown
	Isolation level: undefined/unknown
	Minimum pool size: undefined/unknown
	Maximum pool size: undefined/unknown
2025-05-05T23:34:45.881-04:00 DEBUG 98217 --- [veterinaria] [           main] o.h.t.d.jdbc.spi.JdbcTypeRegistry        : addDescriptor(NCharTypeDescriptor) replaced previous registration(CharTypeDescriptor)
2025-05-05T23:34:45.882-04:00 DEBUG 98217 --- [veterinaria] [           main] o.h.t.d.jdbc.spi.JdbcTypeRegistry        : addDescriptor(NVarcharTypeDescriptor) replaced previous registration(VarcharTypeDescriptor)
2025-05-05T23:34:45.882-04:00 DEBUG 98217 --- [veterinaria] [           main] o.h.t.d.jdbc.spi.JdbcTypeRegistry        : addDescriptor(LongNVarcharTypeDescriptor) replaced previous registration(LongVarcharTypeDescriptor)
2025-05-05T23:34:45.886-04:00 DEBUG 98217 --- [veterinaria] [           main] o.h.t.d.jdbc.spi.JdbcTypeRegistry        : addDescriptor(NClobTypeDescriptor(DEFAULT)) replaced previous registration(ClobTypeDescriptor(DEFAULT))
2025-05-05T23:34:45.888-04:00 DEBUG 98217 --- [veterinaria] [           main] o.h.t.d.jdbc.spi.JdbcTypeRegistry        : addDescriptor(BooleanTypeDescriptor) replaced previous registration(BooleanTypeDescriptor)
2025-05-05T23:34:45.897-04:00 DEBUG 98217 --- [veterinaria] [           main] org.hibernate.type.BasicTypeRegistry     : Adding type registration null -> org.hibernate.type.NullType@5600a278
2025-05-05T23:34:45.897-04:00 DEBUG 98217 --- [veterinaria] [           main] org.hibernate.type.BasicTypeRegistry     : Type registration key [null] overrode previous entry : `org.hibernate.type.NullType@7ec08115`
2025-05-05T23:34:45.899-04:00 DEBUG 98217 --- [veterinaria] [           main] org.hibernate.type.BasicTypeRegistry     : Adding type registration JAVA_OBJECT -> org.hibernate.type.JavaObjectType@731e0bff
2025-05-05T23:34:45.899-04:00 DEBUG 98217 --- [veterinaria] [           main] org.hibernate.type.BasicTypeRegistry     : Adding type registration java.lang.Object -> org.hibernate.type.JavaObjectType@731e0bff
2025-05-05T23:34:45.899-04:00 DEBUG 98217 --- [veterinaria] [           main] org.hibernate.type.BasicTypeRegistry     : Type registration key [java.lang.Object] overrode previous entry : `org.hibernate.type.JavaObjectType@8e99809`
2025-05-05T23:34:45.905-04:00 DEBUG 98217 --- [veterinaria] [           main] org.hibernate.type.BasicTypeRegistry     : Adding type registration org.hibernate.type.DurationType -> basicType@1(java.time.Duration,3015)
2025-05-05T23:34:45.905-04:00 DEBUG 98217 --- [veterinaria] [           main] org.hibernate.type.BasicTypeRegistry     : Adding type registration Duration -> basicType@1(java.time.Duration,3015)
2025-05-05T23:34:45.905-04:00 DEBUG 98217 --- [veterinaria] [           main] org.hibernate.type.BasicTypeRegistry     : Adding type registration java.time.Duration -> basicType@1(java.time.Duration,3015)
2025-05-05T23:34:45.908-04:00 DEBUG 98217 --- [veterinaria] [           main] o.h.type.spi.TypeConfiguration$Scope     : Scoping TypeConfiguration [org.hibernate.type.spi.TypeConfiguration@2ebf524] to MetadataBuildingContext [org.hibernate.boot.internal.MetadataBuildingContextRootImpl@41bdaa81]
2025-05-05T23:34:45.958-04:00 DEBUG 98217 --- [veterinaria] [           main] o.h.boot.model.relational.Namespace      : Created database namespace [logicalName=Name{catalog=null, schema=null}, physicalName=Name{catalog=null, schema=null}]
2025-05-05T23:34:45.991-04:00 DEBUG 98217 --- [veterinaria] [           main] o.h.boot.model.internal.EntityBinder     : Binding entity from annotated class: com.example.veterinaria.model.Cliente
2025-05-05T23:34:46.001-04:00 DEBUG 98217 --- [veterinaria] [           main] o.h.boot.model.internal.EntityBinder     : Import with entity name Cliente
2025-05-05T23:34:46.015-04:00 DEBUG 98217 --- [veterinaria] [           main] o.h.boot.model.internal.EntityBinder     : Bind entity com.example.veterinaria.model.Cliente on table cliente
2025-05-05T23:34:46.032-04:00 DEBUG 98217 --- [veterinaria] [           main] o.h.boot.model.internal.AnnotatedColumn  : Binding column: AnnotatedDiscriminatorColumn(column='DTYPE')
2025-05-05T23:34:46.050-04:00 DEBUG 98217 --- [veterinaria] [           main] o.h.boot.model.internal.AnnotatedColumn  : Binding column: AnnotatedColumn()
2025-05-05T23:34:46.051-04:00 DEBUG 98217 --- [veterinaria] [           main] o.h.boot.internal.ClassLoaderAccessImpl  : Not known whether passed class name [com.example.veterinaria.model.Cliente] is safe
2025-05-05T23:34:46.052-04:00 DEBUG 98217 --- [veterinaria] [           main] o.h.boot.internal.ClassLoaderAccessImpl  : No temp ClassLoader provided; using live ClassLoader for loading potentially unsafe class : com.example.veterinaria.model.Cliente
2025-05-05T23:34:46.056-04:00 DEBUG 98217 --- [veterinaria] [           main] o.h.boot.model.internal.PropertyBinder   : MetadataSourceProcessor property id with lazy=false
2025-05-05T23:34:46.061-04:00 DEBUG 98217 --- [veterinaria] [           main] o.h.b.m.internal.AbstractPropertyHolder  : Attempting to locate auto-apply AttributeConverter for property [com.example.veterinaria.model.Cliente:id]
2025-05-05T23:34:46.064-04:00 DEBUG 98217 --- [veterinaria] [           main] o.h.b.model.internal.BasicValueBinder    : building BasicValue for id
2025-05-05T23:34:46.068-04:00 DEBUG 98217 --- [veterinaria] [           main] org.hibernate.mapping.BasicValue         : Skipping column re-registration: cliente.id
2025-05-05T23:34:46.069-04:00 DEBUG 98217 --- [veterinaria] [           main] o.h.boot.model.internal.PropertyBinder   : Building property id
2025-05-05T23:34:46.072-04:00 DEBUG 98217 --- [veterinaria] [           main] o.h.boot.model.internal.BinderHelper     : #makeIdGenerator(BasicValue([Column(id)]), id, identity, , ...)
2025-05-05T23:34:46.075-04:00 DEBUG 98217 --- [veterinaria] [           main] o.h.boot.model.internal.AnnotatedColumn  : Binding column: AnnotatedColumn()
2025-05-05T23:34:46.075-04:00 DEBUG 98217 --- [veterinaria] [           main] o.h.boot.model.internal.PropertyBinder   : MetadataSourceProcessor property nombre with lazy=false
2025-05-05T23:34:46.075-04:00 DEBUG 98217 --- [veterinaria] [           main] o.h.b.m.internal.AbstractPropertyHolder  : Attempting to locate auto-apply AttributeConverter for property [com.example.veterinaria.model.Cliente:nombre]
2025-05-05T23:34:46.075-04:00 DEBUG 98217 --- [veterinaria] [           main] o.h.b.model.internal.BasicValueBinder    : building BasicValue for nombre
2025-05-05T23:34:46.075-04:00 DEBUG 98217 --- [veterinaria] [           main] org.hibernate.mapping.BasicValue         : Skipping column re-registration: cliente.nombre
2025-05-05T23:34:46.075-04:00 DEBUG 98217 --- [veterinaria] [           main] o.h.boot.model.internal.PropertyBinder   : Building property nombre
2025-05-05T23:34:46.076-04:00 DEBUG 98217 --- [veterinaria] [           main] o.h.boot.model.internal.AnnotatedColumn  : Binding column: AnnotatedColumn()
2025-05-05T23:34:46.076-04:00 DEBUG 98217 --- [veterinaria] [           main] o.h.boot.model.internal.PropertyBinder   : MetadataSourceProcessor property rut with lazy=false
2025-05-05T23:34:46.076-04:00 DEBUG 98217 --- [veterinaria] [           main] o.h.b.m.internal.AbstractPropertyHolder  : Attempting to locate auto-apply AttributeConverter for property [com.example.veterinaria.model.Cliente:rut]
2025-05-05T23:34:46.076-04:00 DEBUG 98217 --- [veterinaria] [           main] o.h.b.model.internal.BasicValueBinder    : building BasicValue for rut
2025-05-05T23:34:46.076-04:00 DEBUG 98217 --- [veterinaria] [           main] org.hibernate.mapping.BasicValue         : Skipping column re-registration: cliente.rut
2025-05-05T23:34:46.077-04:00 DEBUG 98217 --- [veterinaria] [           main] o.h.boot.model.internal.PropertyBinder   : Building property rut
2025-05-05T23:34:46.077-04:00 DEBUG 98217 --- [veterinaria] [           main] o.h.boot.model.internal.AnnotatedColumn  : Binding column: AnnotatedColumn()
2025-05-05T23:34:46.077-04:00 DEBUG 98217 --- [veterinaria] [           main] o.h.boot.model.internal.PropertyBinder   : MetadataSourceProcessor property telefono with lazy=false
2025-05-05T23:34:46.077-04:00 DEBUG 98217 --- [veterinaria] [           main] o.h.b.m.internal.AbstractPropertyHolder  : Attempting to locate auto-apply AttributeConverter for property [com.example.veterinaria.model.Cliente:telefono]
2025-05-05T23:34:46.077-04:00 DEBUG 98217 --- [veterinaria] [           main] o.h.b.model.internal.BasicValueBinder    : building BasicValue for telefono
2025-05-05T23:34:46.077-04:00 DEBUG 98217 --- [veterinaria] [           main] org.hibernate.mapping.BasicValue         : Skipping column re-registration: cliente.telefono
2025-05-05T23:34:46.077-04:00 DEBUG 98217 --- [veterinaria] [           main] o.h.boot.model.internal.PropertyBinder   : Building property telefono
2025-05-05T23:34:46.079-04:00 DEBUG 98217 --- [veterinaria] [           main] o.h.b.r.c.i.ClassLoaderServiceImpl       : HHH000194: Package not found or no package-info.java: com.example.veterinaria.model
2025-05-05T23:34:46.085-04:00 DEBUG 98217 --- [veterinaria] [           main] o.h.boot.model.internal.EntityBinder     : Binding entity from annotated class: com.example.veterinaria.model.Factura
2025-05-05T23:34:46.085-04:00 DEBUG 98217 --- [veterinaria] [           main] o.h.boot.model.internal.EntityBinder     : Import with entity name Factura
2025-05-05T23:34:46.085-04:00 DEBUG 98217 --- [veterinaria] [           main] o.h.boot.model.internal.EntityBinder     : Bind entity com.example.veterinaria.model.Factura on table factura
2025-05-05T23:34:46.085-04:00 DEBUG 98217 --- [veterinaria] [           main] o.h.boot.model.internal.AnnotatedColumn  : Binding column: AnnotatedDiscriminatorColumn(column='DTYPE')
2025-05-05T23:34:46.091-04:00 DEBUG 98217 --- [veterinaria] [           main] o.h.boot.model.internal.AnnotatedColumn  : Binding column: AnnotatedColumn()
2025-05-05T23:34:46.091-04:00 DEBUG 98217 --- [veterinaria] [           main] o.h.boot.internal.ClassLoaderAccessImpl  : Not known whether passed class name [com.example.veterinaria.model.Factura] is safe
2025-05-05T23:34:46.091-04:00 DEBUG 98217 --- [veterinaria] [           main] o.h.boot.internal.ClassLoaderAccessImpl  : No temp ClassLoader provided; using live ClassLoader for loading potentially unsafe class : com.example.veterinaria.model.Factura
2025-05-05T23:34:46.091-04:00 DEBUG 98217 --- [veterinaria] [           main] o.h.boot.model.internal.PropertyBinder   : MetadataSourceProcessor property id with lazy=false
2025-05-05T23:34:46.091-04:00 DEBUG 98217 --- [veterinaria] [           main] o.h.b.m.internal.AbstractPropertyHolder  : Attempting to locate auto-apply AttributeConverter for property [com.example.veterinaria.model.Factura:id]
2025-05-05T23:34:46.091-04:00 DEBUG 98217 --- [veterinaria] [           main] o.h.b.model.internal.BasicValueBinder    : building BasicValue for id
2025-05-05T23:34:46.091-04:00 DEBUG 98217 --- [veterinaria] [           main] org.hibernate.mapping.BasicValue         : Skipping column re-registration: factura.id
2025-05-05T23:34:46.091-04:00 DEBUG 98217 --- [veterinaria] [           main] o.h.boot.model.internal.PropertyBinder   : Building property id
2025-05-05T23:34:46.091-04:00 DEBUG 98217 --- [veterinaria] [           main] o.h.boot.model.internal.BinderHelper     : #makeIdGenerator(BasicValue([Column(id)]), id, identity, , ...)
2025-05-05T23:34:46.092-04:00 DEBUG 98217 --- [veterinaria] [           main] o.h.boot.model.internal.AnnotatedColumn  : Binding column: AnnotatedColumn()
2025-05-05T23:34:46.092-04:00 DEBUG 98217 --- [veterinaria] [           main] o.h.boot.model.internal.PropertyBinder   : MetadataSourceProcessor property clienteNombre with lazy=false
2025-05-05T23:34:46.092-04:00 DEBUG 98217 --- [veterinaria] [           main] o.h.b.m.internal.AbstractPropertyHolder  : Attempting to locate auto-apply AttributeConverter for property [com.example.veterinaria.model.Factura:clienteNombre]
2025-05-05T23:34:46.092-04:00 DEBUG 98217 --- [veterinaria] [           main] o.h.b.model.internal.BasicValueBinder    : building BasicValue for clienteNombre
2025-05-05T23:34:46.092-04:00 DEBUG 98217 --- [veterinaria] [           main] org.hibernate.mapping.BasicValue         : Skipping column re-registration: factura.cliente_nombre
2025-05-05T23:34:46.092-04:00 DEBUG 98217 --- [veterinaria] [           main] o.h.boot.model.internal.PropertyBinder   : Building property clienteNombre
2025-05-05T23:34:46.092-04:00 DEBUG 98217 --- [veterinaria] [           main] o.h.boot.model.internal.AnnotatedColumn  : Binding column: AnnotatedColumn()
2025-05-05T23:34:46.092-04:00 DEBUG 98217 --- [veterinaria] [           main] o.h.boot.model.internal.PropertyBinder   : MetadataSourceProcessor property fecha with lazy=false
2025-05-05T23:34:46.092-04:00 DEBUG 98217 --- [veterinaria] [           main] o.h.b.m.internal.AbstractPropertyHolder  : Attempting to locate auto-apply AttributeConverter for property [com.example.veterinaria.model.Factura:fecha]
2025-05-05T23:34:46.093-04:00 DEBUG 98217 --- [veterinaria] [           main] o.h.b.model.internal.BasicValueBinder    : building BasicValue for fecha
2025-05-05T23:34:46.093-04:00 DEBUG 98217 --- [veterinaria] [           main] org.hibernate.mapping.BasicValue         : Skipping column re-registration: factura.fecha
2025-05-05T23:34:46.093-04:00 DEBUG 98217 --- [veterinaria] [           main] o.h.boot.model.internal.PropertyBinder   : Building property fecha
2025-05-05T23:34:46.093-04:00 DEBUG 98217 --- [veterinaria] [           main] o.h.boot.model.internal.AnnotatedColumn  : Binding column: AnnotatedColumn()
2025-05-05T23:34:46.093-04:00 DEBUG 98217 --- [veterinaria] [           main] o.h.boot.model.internal.PropertyBinder   : MetadataSourceProcessor property mascotaNombre with lazy=false
2025-05-05T23:34:46.093-04:00 DEBUG 98217 --- [veterinaria] [           main] o.h.b.m.internal.AbstractPropertyHolder  : Attempting to locate auto-apply AttributeConverter for property [com.example.veterinaria.model.Factura:mascotaNombre]
2025-05-05T23:34:46.093-04:00 DEBUG 98217 --- [veterinaria] [           main] o.h.b.model.internal.BasicValueBinder    : building BasicValue for mascotaNombre
2025-05-05T23:34:46.093-04:00 DEBUG 98217 --- [veterinaria] [           main] org.hibernate.mapping.BasicValue         : Skipping column re-registration: factura.mascota_nombre
2025-05-05T23:34:46.093-04:00 DEBUG 98217 --- [veterinaria] [           main] o.h.boot.model.internal.PropertyBinder   : Building property mascotaNombre
2025-05-05T23:34:46.093-04:00 DEBUG 98217 --- [veterinaria] [           main] o.h.boot.model.internal.AnnotatedColumn  : Binding column: AnnotatedColumn()
2025-05-05T23:34:46.094-04:00 DEBUG 98217 --- [veterinaria] [           main] o.h.boot.model.internal.PropertyBinder   : MetadataSourceProcessor property pagada with lazy=false
2025-05-05T23:34:46.094-04:00 DEBUG 98217 --- [veterinaria] [           main] o.h.b.m.internal.AbstractPropertyHolder  : Attempting to locate auto-apply AttributeConverter for property [com.example.veterinaria.model.Factura:pagada]
2025-05-05T23:34:46.094-04:00 DEBUG 98217 --- [veterinaria] [           main] o.h.b.model.internal.BasicValueBinder    : building BasicValue for pagada
2025-05-05T23:34:46.094-04:00 DEBUG 98217 --- [veterinaria] [           main] org.hibernate.mapping.BasicValue         : Skipping column re-registration: factura.pagada
2025-05-05T23:34:46.094-04:00 DEBUG 98217 --- [veterinaria] [           main] o.h.boot.model.internal.PropertyBinder   : Building property pagada
2025-05-05T23:34:46.094-04:00 DEBUG 98217 --- [veterinaria] [           main] o.h.boot.model.internal.AnnotatedColumn  : Binding column: AnnotatedColumn()
2025-05-05T23:34:46.094-04:00 DEBUG 98217 --- [veterinaria] [           main] o.h.boot.model.internal.PropertyBinder   : MetadataSourceProcessor property rutCliente with lazy=false
2025-05-05T23:34:46.095-04:00 DEBUG 98217 --- [veterinaria] [           main] o.h.b.m.internal.AbstractPropertyHolder  : Attempting to locate auto-apply AttributeConverter for property [com.example.veterinaria.model.Factura:rutCliente]
2025-05-05T23:34:46.095-04:00 DEBUG 98217 --- [veterinaria] [           main] o.h.b.model.internal.BasicValueBinder    : building BasicValue for rutCliente
2025-05-05T23:34:46.095-04:00 DEBUG 98217 --- [veterinaria] [           main] org.hibernate.mapping.BasicValue         : Skipping column re-registration: factura.rut_cliente
2025-05-05T23:34:46.095-04:00 DEBUG 98217 --- [veterinaria] [           main] o.h.boot.model.internal.PropertyBinder   : Building property rutCliente
2025-05-05T23:34:46.097-04:00 DEBUG 98217 --- [veterinaria] [           main] o.h.boot.model.internal.AnnotatedColumn  : Binding column: AnnotatedJoinColumn()
2025-05-05T23:34:46.097-04:00 DEBUG 98217 --- [veterinaria] [           main] o.h.boot.model.internal.AnnotatedColumn  : Binding column: AnnotatedColumn()
2025-05-05T23:34:46.107-04:00 DEBUG 98217 --- [veterinaria] [           main] o.h.boot.model.internal.AnnotatedColumn  : Binding column: IndexColumn(column='servicios_ORDER')
2025-05-05T23:34:46.108-04:00 DEBUG 98217 --- [veterinaria] [           main] o.h.boot.model.internal.AnnotatedColumn  : Binding column: AnnotatedColumn()
2025-05-05T23:34:46.109-04:00 DEBUG 98217 --- [veterinaria] [           main] o.h.boot.model.internal.AnnotatedColumn  : Binding column: AnnotatedColumn(column='servicios_KEY')
2025-05-05T23:34:46.110-04:00 DEBUG 98217 --- [veterinaria] [           main] o.h.boot.model.internal.AnnotatedColumn  : Binding column: AnnotatedJoinColumn(column='servicios_KEY')
2025-05-05T23:34:46.111-04:00 DEBUG 98217 --- [veterinaria] [           main] o.h.boot.model.internal.AnnotatedColumn  : Binding column: AnnotatedJoinColumn()
2025-05-05T23:34:46.111-04:00 DEBUG 98217 --- [veterinaria] [           main] o.h.boot.model.internal.AnnotatedColumn  : Binding column: AnnotatedJoinColumn()
2025-05-05T23:34:46.114-04:00 DEBUG 98217 --- [veterinaria] [           main] o.h.b.model.internal.CollectionBinder    : Collection role: com.example.veterinaria.model.Factura.servicios
2025-05-05T23:34:46.115-04:00 DEBUG 98217 --- [veterinaria] [           main] o.h.boot.model.internal.PropertyBinder   : Building property servicios
[...]

   RSocketSecurityAutoConfiguration:
      Did not match:
         - @ConditionalOnClass did not find required class 'org.springframework.security.rsocket.core.SecuritySocketAcceptorInterceptor' (OnClassCondition)

   RSocketServerAutoConfiguration:
      Did not match:
         - @ConditionalOnClass did not find required class 'io.rsocket.core.RSocketServer' (OnClassCondition)

   RSocketStrategiesAutoConfiguration:
      Did not match:
         - @ConditionalOnClass did not find required class 'io.netty.buffer.PooledByteBufAllocator' (OnClassCondition)

   RabbitAutoConfiguration:
      Did not match:
         - @ConditionalOnClass did not find required class 'com.rabbitmq.client.Channel' (OnClassCondition)

   ReactiveElasticsearchClientAutoConfiguration:
      Did not match:
         - @ConditionalOnClass did not find required class 'co.elastic.clients.transport.ElasticsearchTransport' (OnClassCondition)

   ReactiveElasticsearchRepositoriesAutoConfiguration:
      Did not match:
         - @ConditionalOnClass did not find required class 'reactor.core.publisher.Mono' (OnClassCondition)

   ReactiveMultipartAutoConfiguration:
      Did not match:
         - @ConditionalOnClass did not find required class 'org.springframework.web.reactive.config.WebFluxConfigurer' (OnClassCondition)

   ReactiveOAuth2ClientAutoConfiguration:
      Did not match:
         - @ConditionalOnClass did not find required class 'reactor.core.publisher.Flux' (OnClassCondition)

   ReactiveOAuth2ResourceServerAutoConfiguration:
      Did not match:
         - @ConditionalOnClass did not find required class 'org.springframework.security.config.annotation.web.reactive.EnableWebFluxSecurity' (OnClassCondition)

   ReactiveSecurityAutoConfiguration:
      Did not match:
         - @ConditionalOnClass did not find required class 'reactor.core.publisher.Flux' (OnClassCondition)

   ReactiveUserDetailsServiceAutoConfiguration:
      Did not match:
         - @ConditionalOnClass did not find required class 'org.springframework.security.authentication.ReactiveAuthenticationManager' (OnClassCondition)

   ReactiveWebServerFactoryAutoConfiguration:
      Did not match:
         - @ConditionalOnWebApplication did not find reactive web application classes (OnWebApplicationCondition)

   ReactorAutoConfiguration:
      Did not match:
         - @ConditionalOnClass did not find required class 'reactor.core.publisher.Hooks' (OnClassCondition)

   RedisAutoConfiguration:
      Did not match:
         - @ConditionalOnClass did not find required class 'org.springframework.data.redis.core.RedisOperations' (OnClassCondition)

   RedisCacheConfiguration:
      Did not match:
         - @ConditionalOnClass did not find required class 'org.springframework.data.redis.connection.RedisConnectionFactory' (OnClassCondition)

   RedisReactiveAutoConfiguration:
      Did not match:
         - @ConditionalOnClass did not find required class 'reactor.core.publisher.Flux' (OnClassCondition)

   RedisRepositoriesAutoConfiguration:
      Did not match:
         - @ConditionalOnClass did not find required class 'org.springframework.data.redis.repository.configuration.EnableRedisRepositories' (OnClassCondition)

   RemoteDevToolsAutoConfiguration:
      Did not match:
         - @ConditionalOnProperty (spring.devtools.remote.secret) did not find property 'secret' (OnPropertyCondition)
      Matched:
         - @ConditionalOnClass found required classes 'jakarta.servlet.Filter', 'org.springframework.http.server.ServerHttpRequest' (OnClassCondition)

   RepositoryRestMvcAutoConfiguration:
      Did not match:
         - @ConditionalOnClass did not find required class 'org.springframework.data.rest.webmvc.config.RepositoryRestMvcConfiguration' (OnClassCondition)

   Saml2RelyingPartyAutoConfiguration:
      Did not match:
         - @ConditionalOnClass did not find required class 'org.springframework.security.saml2.provider.service.registration.RelyingPartyRegistrationRepository' (OnClassCondition)

   SecurityAutoConfiguration:
      Did not match:
         - @ConditionalOnClass did not find required class 'org.springframework.security.authentication.DefaultAuthenticationEventPublisher' (OnClassCondition)

   SecurityFilterAutoConfiguration:
      Did not match:
         - @ConditionalOnClass did not find required class 'org.springframework.security.config.http.SessionCreationPolicy' (OnClassCondition)

   SendGridAutoConfiguration:
      Did not match:
         - @ConditionalOnClass did not find required class 'com.sendgrid.SendGrid' (OnClassCondition)

   ServletWebServerFactoryAutoConfiguration.ForwardedHeaderFilterConfiguration:
      Did not match:
         - @ConditionalOnProperty (server.forward-headers-strategy=framework) did not find property 'server.forward-headers-strategy' (OnPropertyCondition)

   ServletWebServerFactoryConfiguration.EmbeddedJetty:
      Did not match:
         - @ConditionalOnClass did not find required classes 'org.eclipse.jetty.server.Server', 'org.eclipse.jetty.util.Loader', 'org.eclipse.jetty.ee10.webapp.WebAppContext' (OnClassCondition)

   ServletWebServerFactoryConfiguration.EmbeddedUndertow:
      Did not match:
         - @ConditionalOnClass did not find required classes 'io.undertow.Undertow', 'org.xnio.SslClientAuthMode' (OnClassCondition)

   SessionAutoConfiguration:
      Did not match:
         - @ConditionalOnClass did not find required class 'org.springframework.session.Session' (OnClassCondition)

   SpringApplicationAdminJmxAutoConfiguration:
      Did not match:
         - @ConditionalOnProperty (spring.application.admin.enabled=true) did not find property 'enabled' (OnPropertyCondition)

   TaskExecutorConfigurations.SimpleAsyncTaskExecutorBuilderConfiguration#simpleAsyncTaskExecutorBuilderVirtualThreads:
      Did not match:
         - @ConditionalOnMissingBean (types: org.springframework.boot.task.SimpleAsyncTaskExecutorBuilder; SearchStrategy: all) found beans of type 'org.springframework.boot.task.SimpleAsyncTaskExecutorBuilder' simpleAsyncTaskExecutorBuilder (OnBeanCondition)

   TaskExecutorConfigurations.TaskExecutorConfiguration#applicationTaskExecutorVirtualThreads:
      Did not match:
         - @ConditionalOnThreading did not find VIRTUAL (OnThreadingCondition)

   TaskSchedulingAutoConfiguration#scheduledBeanLazyInitializationExcludeFilter:
      Did not match:
         - @ConditionalOnBean (names: org.springframework.context.annotation.internalScheduledAnnotationProcessor; SearchStrategy: all) did not find any beans named org.springframework.context.annotation.internalScheduledAnnotationProcessor (OnBeanCondition)

   TaskSchedulingConfigurations.SimpleAsyncTaskSchedulerBuilderConfiguration#simpleAsyncTaskSchedulerBuilderVirtualThreads:
      Did not match:
         - @ConditionalOnMissingBean (types: org.springframework.boot.task.SimpleAsyncTaskSchedulerBuilder; SearchStrategy: all) found beans of type 'org.springframework.boot.task.SimpleAsyncTaskSchedulerBuilder' simpleAsyncTaskSchedulerBuilder (OnBeanCondition)

   TaskSchedulingConfigurations.TaskSchedulerConfiguration:
      Did not match:
         - @ConditionalOnBean (names: org.springframework.context.annotation.internalScheduledAnnotationProcessor; SearchStrategy: all) did not find any beans named org.springframework.context.annotation.internalScheduledAnnotationProcessor (OnBeanCondition)

   ThymeleafAutoConfiguration:
      Did not match:
         - @ConditionalOnClass did not find required class 'org.thymeleaf.spring6.SpringTemplateEngine' (OnClassCondition)

   TransactionAutoConfiguration#transactionalOperator:
      Did not match:
         - @ConditionalOnSingleCandidate (types: org.springframework.transaction.ReactiveTransactionManager; SearchStrategy: all) did not find any beans (OnBeanCondition)

   TransactionAutoConfiguration.AspectJTransactionManagementConfiguration:
      Did not match:
         - @ConditionalOnBean (types: org.springframework.transaction.aspectj.AbstractTransactionAspect; SearchStrategy: all) did not find any beans of type org.springframework.transaction.aspectj.AbstractTransactionAspect (OnBeanCondition)

   TransactionAutoConfiguration.EnableTransactionManagementConfiguration.JdkDynamicAutoProxyConfiguration:
      Did not match:
         - @ConditionalOnProperty (spring.aop.proxy-target-class=false) did not find property 'proxy-target-class' (OnPropertyCondition)

   UserDetailsServiceAutoConfiguration:
      Did not match:
         - @ConditionalOnClass did not find required class 'org.springframework.security.authentication.AuthenticationManager' (OnClassCondition)

   ValidationAutoConfiguration:
      Did not match:
         - @ConditionalOnResource did not find resource 'classpath:META-INF/services/jakarta.validation.spi.ValidationProvider' (OnResourceCondition)
      Matched:
         - @ConditionalOnClass found required class 'jakarta.validation.executable.ExecutableValidator' (OnClassCondition)

   WebClientAutoConfiguration:
      Did not match:
         - @ConditionalOnClass did not find required class 'org.springframework.web.reactive.function.client.WebClient' (OnClassCondition)

   WebFluxAutoConfiguration:
      Did not match:
         - @ConditionalOnClass did not find required class 'org.springframework.web.reactive.config.WebFluxConfigurer' (OnClassCondition)

   WebMvcAutoConfiguration#hiddenHttpMethodFilter:
      Did not match:
         - @ConditionalOnProperty (spring.mvc.hiddenmethod.filter.enabled) did not find property 'enabled' (OnPropertyCondition)

   WebMvcAutoConfiguration.ProblemDetailsErrorHandlingConfiguration:
      Did not match:
         - @ConditionalOnProperty (spring.mvc.problemdetails.enabled=true) did not find property 'enabled' (OnPropertyCondition)

   WebMvcAutoConfiguration.ResourceChainCustomizerConfiguration:
      Did not match:
         - @ConditionalOnEnabledResourceChain did not find class org.webjars.WebJarVersionLocator (OnEnabledResourceChainCondition)

   WebMvcAutoConfiguration.WebMvcAutoConfigurationAdapter#beanNameViewResolver:
      Did not match:
         - @ConditionalOnMissingBean (types: org.springframework.web.servlet.view.BeanNameViewResolver; SearchStrategy: all) found beans of type 'org.springframework.web.servlet.view.BeanNameViewResolver' beanNameViewResolver (OnBeanCondition)

   WebServiceTemplateAutoConfiguration:
      Did not match:
         - @ConditionalOnClass did not find required class 'org.springframework.oxm.Marshaller' (OnClassCondition)

   WebServicesAutoConfiguration:
      Did not match:
         - @ConditionalOnClass did not find required class 'org.springframework.ws.transport.http.MessageDispatcherServlet' (OnClassCondition)

   WebSessionIdResolverAutoConfiguration:
      Did not match:
         - @ConditionalOnClass did not find required class 'reactor.core.publisher.Mono' (OnClassCondition)

   WebSocketMessagingAutoConfiguration:
      Did not match:
         - @ConditionalOnClass did not find required class 'org.springframework.web.socket.config.annotation.WebSocketMessageBrokerConfigurer' (OnClassCondition)

   WebSocketReactiveAutoConfiguration:
      Did not match:
         - @ConditionalOnWebApplication did not find reactive web application classes (OnWebApplicationCondition)

   WebSocketServletAutoConfiguration.JettyWebSocketConfiguration:
      Did not match:
         - @ConditionalOnClass did not find required class 'org.eclipse.jetty.ee10.websocket.jakarta.server.config.JakartaWebSocketServletContainerInitializer' (OnClassCondition)

   WebSocketServletAutoConfiguration.UndertowWebSocketConfiguration:
      Did not match:
         - @ConditionalOnClass did not find required class 'io.undertow.websockets.jsr.Bootstrap' (OnClassCondition)

   XADataSourceAutoConfiguration:
      Did not match:
         - @ConditionalOnBean (types: org.springframework.boot.jdbc.XADataSourceWrapper; SearchStrategy: all) did not find any beans of type org.springframework.boot.jdbc.XADataSourceWrapper (OnBeanCondition)
      Matched:
         - @ConditionalOnClass found required classes 'javax.sql.DataSource', 'jakarta.transaction.TransactionManager', 'org.springframework.jdbc.datasource.embedded.EmbeddedDatabaseType' (OnClassCondition)


Exclusions:
-----------

    None


Unconditional classes:
----------------------

    org.springframework.boot.autoconfigure.context.ConfigurationPropertiesAutoConfiguration

    org.springframework.boot.autoconfigure.ssl.SslAutoConfiguration

    org.springframework.boot.autoconfigure.context.LifecycleAutoConfiguration

    org.springframework.boot.autoconfigure.context.PropertyPlaceholderAutoConfiguration

    org.springframework.boot.autoconfigure.availability.ApplicationAvailabilityAutoConfiguration

    org.springframework.boot.autoconfigure.info.ProjectInfoAutoConfiguration



2025-05-05T23:34:57.610-04:00  INFO 98217 --- [veterinaria] [           main] c.e.v.VeterinariaApplicationTests        : Started VeterinariaApplicationTests in 15.129 seconds (process running for 16.293)
2025-05-05T23:34:57.612-04:00 DEBUG 98217 --- [veterinaria] [           main] o.s.b.a.ApplicationAvailabilityBean      : Application availability state LivenessState changed to CORRECT
2025-05-05T23:34:57.614-04:00 DEBUG 98217 --- [veterinaria] [           main] o.s.boot.devtools.restart.Restarter      : Creating new Restarter for thread Thread[#1,main,5,main]
2025-05-05T23:34:57.615-04:00 DEBUG 98217 --- [veterinaria] [           main] o.s.b.a.ApplicationAvailabilityBean      : Application availability state ReadinessState changed to ACCEPTING_TRAFFIC
2025-05-05T23:34:57.619-04:00 DEBUG 98217 --- [veterinaria] [           main] org.springframework.test.context.cache   : Spring test ApplicationContext cache statistics: [DefaultContextCache@6d43c881 size = 1, maxSize = 32, parentContextCount = 0, hitCount = 0, missCount = 1, failureCount = 0]
2025-05-05T23:34:57.620-04:00 DEBUG 98217 --- [veterinaria] [           main] o.s.t.c.w.ServletTestExecutionListener   : Setting up MockHttpServletRequest, MockHttpServletResponse, ServletWebRequest, and RequestContextHolder for test class com.example.veterinaria.VeterinariaApplicationTests
2025-05-05T23:34:57.633-04:00 DEBUG 98217 --- [veterinaria] [           main] DependencyInjectionTestExecutionListener : Performing dependency injection for test class com.example.veterinaria.VeterinariaApplicationTests
2025-05-05T23:34:57.633-04:00 DEBUG 98217 --- [veterinaria] [           main] org.springframework.test.context.cache   : Spring test ApplicationContext cache statistics: [DefaultContextCache@6d43c881 size = 1, maxSize = 32, parentContextCount = 0, hitCount = 1, missCount = 1, failureCount = 0]
2025-05-05T23:34:57.634-04:00 DEBUG 98217 --- [veterinaria] [           main] org.springframework.test.context.cache   : Spring test ApplicationContext cache statistics: [DefaultContextCache@6d43c881 size = 1, maxSize = 32, parentContextCount = 0, hitCount = 2, missCount = 1, failureCount = 0]
2025-05-05T23:34:57.642-04:00 DEBUG 98217 --- [veterinaria] [           main] sContextBeforeModesTestExecutionListener : Before test method: class [VeterinariaApplicationTests], method [contextLoads], class annotated with @DirtiesContext [false] with mode [null], method annotated with @DirtiesContext [false] with mode [null]
2025-05-05T23:34:57.645-04:00 DEBUG 98217 --- [veterinaria] [           main] org.springframework.test.context.cache   : Spring test ApplicationContext cache statistics: [DefaultContextCache@6d43c881 size = 1, maxSize = 32, parentContextCount = 0, hitCount = 3, missCount = 1, failureCount = 0]
2025-05-05T23:34:57.645-04:00 DEBUG 98217 --- [veterinaria] [           main] org.springframework.test.context.cache   : Spring test ApplicationContext cache statistics: [DefaultContextCache@6d43c881 size = 1, maxSize = 32, parentContextCount = 0, hitCount = 4, missCount = 1, failureCount = 0]
2025-05-05T23:34:58.369-04:00 DEBUG 98217 --- [veterinaria] [           main] org.springframework.test.context.cache   : Spring test ApplicationContext cache statistics: [DefaultContextCache@6d43c881 size = 1, maxSize = 32, parentContextCount = 0, hitCount = 5, missCount = 1, failureCount = 0]
2025-05-05T23:34:58.375-04:00 DEBUG 98217 --- [veterinaria] [           main] org.springframework.test.context.cache   : Spring test ApplicationContext cache statistics: [DefaultContextCache@6d43c881 size = 1, maxSize = 32, parentContextCount = 0, hitCount = 6, missCount = 1, failureCount = 0]
2025-05-05T23:34:58.382-04:00 DEBUG 98217 --- [veterinaria] [           main] org.springframework.test.context.cache   : Spring test ApplicationContext cache statistics: [DefaultContextCache@6d43c881 size = 1, maxSize = 32, parentContextCount = 0, hitCount = 7, missCount = 1, failureCount = 0]
2025-05-05T23:34:58.383-04:00 DEBUG 98217 --- [veterinaria] [           main] org.springframework.test.context.cache   : Spring test ApplicationContext cache statistics: [DefaultContextCache@6d43c881 size = 1, maxSize = 32, parentContextCount = 0, hitCount = 8, missCount = 1, failureCount = 0]
2025-05-05T23:34:58.386-04:00 DEBUG 98217 --- [veterinaria] [           main] org.springframework.test.context.cache   : Spring test ApplicationContext cache statistics: [DefaultContextCache@6d43c881 size = 1, maxSize = 32, parentContextCount = 0, hitCount = 9, missCount = 1, failureCount = 0]
2025-05-05T23:34:58.386-04:00 DEBUG 98217 --- [veterinaria] [           main] org.springframework.test.context.cache   : Spring test ApplicationContext cache statistics: [DefaultContextCache@6d43c881 size = 1, maxSize = 32, parentContextCount = 0, hitCount = 10, missCount = 1, failureCount = 0]
2025-05-05T23:34:58.388-04:00 DEBUG 98217 --- [veterinaria] [           main] org.springframework.test.context.cache   : Spring test ApplicationContext cache statistics: [DefaultContextCache@6d43c881 size = 1, maxSize = 32, parentContextCount = 0, hitCount = 11, missCount = 1, failureCount = 0]
2025-05-05T23:34:58.389-04:00 DEBUG 98217 --- [veterinaria] [           main] org.springframework.test.context.cache   : Spring test ApplicationContext cache statistics: [DefaultContextCache@6d43c881 size = 1, maxSize = 32, parentContextCount = 0, hitCount = 12, missCount = 1, failureCount = 0]
2025-05-05T23:34:58.391-04:00 DEBUG 98217 --- [veterinaria] [           main] org.springframework.test.context.cache   : Spring test ApplicationContext cache statistics: [DefaultContextCache@6d43c881 size = 1, maxSize = 32, parentContextCount = 0, hitCount = 13, missCount = 1, failureCount = 0]
2025-05-05T23:34:58.391-04:00 DEBUG 98217 --- [veterinaria] [           main] .c.s.DirtiesContextTestExecutionListener : After test method: class [VeterinariaApplicationTests], method [contextLoads], class annotated with @DirtiesContext [false] with mode [null], method annotated with @DirtiesContext [false] with mode [null]
2025-05-05T23:34:58.391-04:00 DEBUG 98217 --- [veterinaria] [           main] o.s.t.c.w.ServletTestExecutionListener   : Resetting RequestContextHolder for test class com.example.veterinaria.VeterinariaApplicationTests
]]></system-out>
    <system-err><![CDATA[Mockito is currently self-attaching to enable the inline-mock-maker. This will no longer work in future releases of the JDK. Please add Mockito as an agent to your build what is described in Mockito's documentation: https://javadoc.io/doc/org.mockito/mockito-core/latest/org/mockito/Mockito.html#0.3
WARNING: A Java agent has been loaded dynamically (/Users/robertinostroza/.m2/repository/net/bytebuddy/byte-buddy-agent/1.15.11/byte-buddy-agent-1.15.11.jar)
WARNING: If a serviceability tool is in use, please run with -XX:+EnableDynamicAgentLoading to hide this warning
WARNING: If a serviceability tool is not in use, please run with -Djdk.instrument.traceUsage for more information
WARNING: Dynamic loading of agents will be disallowed by default in a future release
]]></system-err>
  </testcase>
</testsuite>